Removed Pin From Net: NetName=GND Pin=C22-1
Removed Pin From Net: NetName=NetC20_1 Pin=C22-2
Removed Pin From Net: NetName=NetC20_1 Pin=C27-1
Removed Pin From Net: NetName=GND Pin=C27-2
Removed Pin From Net: NetName=PIO0_11 Pin=U5-1
Removed Pin From Net: NetName=PIO0_11 Pin=U5-2
Removed Pin From Net: NetName=PIO1_0 Pin=U5-6
Removed Pin From Net: NetName=PIO1_0 Pin=U5-7
Removed Pin From Net: NetName=PIO1_1 Pin=U5-8
Removed Pin From Net: NetName=PIO1_1 Pin=U5-9
Removed Pin From Net: NetName=PIO1_2 Pin=U5-13
Removed Pin From Net: NetName=PIO1_2 Pin=U5-14
Removed Pin From Net: NetName=GND Pin=U8-1
Removed Pin From Net: NetName=NetC20_1 Pin=U8-2
Removed Member From Class: ClassName=Slave_Sheet2 Member=C8
Removed Member From Class: ClassName=Slave_Sheet2 Member=C18
Removed Member From Class: ClassName=Slave_Sheet2 Member=C22
Removed Member From Class: ClassName=Slave_Sheet2 Member=C27
Removed Member From Class: ClassName=Slave_Sheet2 Member=C28
Removed Member From Class: ClassName=Slave_Sheet2 Member=L1
Removed Member From Class: ClassName=Slave_Sheet2 Member=U5
Removed Member From Class: ClassName=Slave_Sheet2 Member=U8
Removed Member From Class: ClassName=220V_r Member=NetH3_3
Removed Member From Class: ClassName=220V_r Member=NetH4_2
Removed Member From Class: ClassName=220V_r Member=NetH4_4
Added Component: Designator=H220(Klemnik2_5mm)
Added Component: Designator=R34(RESC3216L)
Added Component: Designator=R35(RESC3216L)
Added Component: Designator=R36(RESC3216L)
Added Component: Designator=R37(RESC3216L)
Added Pin To Net: NetName=GND Pin=C10-1
Added Pin To Net: NetName=PIO0_11 Pin=C10-2
Added Pin To Net: NetName=GND Pin=C11-1
Added Pin To Net: NetName=PIO1_0 Pin=C11-2
Added Pin To Net: NetName=GND Pin=C14-1
Added Pin To Net: NetName=PIO1_1 Pin=C14-2
Added Pin To Net: NetName=GND Pin=C15-1
Added Pin To Net: NetName=PIO1_2 Pin=C15-2
Added Pin To Net: NetName=NetH3_1 Pin=H3-3
Added Pin To Net: NetName=NetH3_1 Pin=H4-2
Added Pin To Net: NetName=NetH3_1 Pin=H4-4
Added Pin To Net: NetName=NetH3_1 Pin=H220-1
Added Pin To Net: NetName=NetH3_1 Pin=K1-4
Added Pin To Net: NetName=NetH3_1 Pin=K2-4
Added Pin To Net: NetName=NetH3_1 Pin=K4-3
Added Pin To Net: NetName=PIO0_11 Pin=R22-1
Added Pin To Net: NetName=PIO1_0 Pin=R23-1
Added Pin To Net: NetName=PIO1_1 Pin=R26-1
Added Pin To Net: NetName=PIO1_2 Pin=R27-1
Added Pin To Net: NetName=GND Pin=R34-1
Added Pin To Net: NetName=PIO0_11 Pin=R34-2
Added Pin To Net: NetName=GND Pin=R35-1
Added Pin To Net: NetName=PIO1_0 Pin=R35-2
Added Pin To Net: NetName=GND Pin=R36-1
Added Pin To Net: NetName=PIO1_1 Pin=R36-2
Added Pin To Net: NetName=GND Pin=R37-1
Added Pin To Net: NetName=PIO1_2 Pin=R37-2
Added Member To Class: ClassName=Sheet1 Member=Component H220 Header 2
Added Member To Class: ClassName=Slave_Sheet2 Member=Component R34 Res Varistor
Added Member To Class: ClassName=Slave_Sheet2 Member=Component R35 Res Varistor
Added Member To Class: ClassName=Slave_Sheet2 Member=Component R36 Res Varistor
Added Member To Class: ClassName=Slave_Sheet2 Member=Component R37 Res Varistor
