Removed Pin From Net: NetName=NetLED6_1 Pin=Led6-1
Removed Pin From Net: NetName=NetLED6_1 Pin=R26-1
Removed Pin From Net: NetName=VCC33 Pin=R26-2
Removed Pin From Net: NetName=GND Pin=R27-1
Removed Pin From Net: NetName=NetR27_2 Pin=R27-2
Removed Pin From Net: NetName=NetR27_2 Pin=R28-1
Removed Pin From Net: NetName=NetC25_2 Pin=R28-2
Removed Pin From Net: NetName=NetR29_1 Pin=R29-1
Removed Pin From Net: NetName=NetR30_1 Pin=R30-1
Removed Member From Class: ClassName=temp Member=U3
Change Component DesignItemId : Designator=Led6 Old DesignItemId=LED2 New DesignItemId=LED0
Change Component Footprint: Designator=Led6 Old Footprint=DSO-F2/D6.1 New Footprint=LED-0
Change Component Comment : Designator=Led6 Old Comment=3.3 New Comment=USB
Change Component Designator: OldDesignator=Led6 NewDesignator=Led1
Change Component Designator: OldDesignator=R26 NewDesignator=R24
Change Component Designator: OldDesignator=R27 NewDesignator=R18
Change Component Designator: OldDesignator=R28 NewDesignator=R15
Change Component Designator: OldDesignator=R29 NewDesignator=R23
Change Component Designator: OldDesignator=R30 NewDesignator=R19
Added Component: Designator=C1(CAPC1608L)
Added Component: Designator=C2(CAPC1608L)
Added Component: Designator=C3(CAPC4532L)
Added Component: Designator=C4(CAPC1608L)
Added Component: Designator=C5(CAPC1608L)
Added Component: Designator=C6(CAPC4532L)
Added Component: Designator=C7(CAPC1608L)
Added Component: Designator=C8(CAPC1608L)
Added Component: Designator=C9(CAPC1608L)
Added Component: Designator=C10(CAPC1608L)
Added Component: Designator=C11(CAPC1608L)
Added Component: Designator=C12(CAPC1608L)
Added Component: Designator=C13(CAPC1608L)
Added Component: Designator=C14(CAPC1608L)
Added Component: Designator=C15(CAPC1608L)
Added Component: Designator=C16(CAPC1608L)
Added Component: Designator=C17(CAPC1608L)
Added Component: Designator=C51(CAPC1608L)
Added Component: Designator=J1(KLD-0202)
Added Component: Designator=J2(HDR1X4)
Added Component: Designator=J3(MHDR1X3)
Added Component: Designator=K1(DIP-P5/X1.65)
Added Component: Designator=LED2(DSO-F2/D6.1)
Added Component: Designator=LED3(DSO-F2/D6.1)
Added Component: Designator=LED4(DSO-F2/D6.1)
Added Component: Designator=LED5(DSO-F2/D6.1)
Added Component: Designator=LED6(DSO-F2/D6.1)
Added Component: Designator=P1(HDR2X10)
Added Component: Designator=P2(HDR1X12)
Added Component: Designator=P3(HDR1X8)
Added Component: Designator=R1(RESC1608L)
Added Component: Designator=R2(RESC1608L)
Added Component: Designator=R3(RESC1608L)
Added Component: Designator=R4(RESC1608L)
Added Component: Designator=R5(RESC1608L)
Added Component: Designator=R6(RESC1608L)
Added Component: Designator=R7(RESC1608L)
Added Component: Designator=R8(RESC1608L)
Added Component: Designator=R9(RESC1608L)
Added Component: Designator=R10(RESC1608L)
Added Component: Designator=R11(RESC1608L)
Added Component: Designator=R12(RESC1608L)
Added Component: Designator=R13(RESC1608L)
Added Component: Designator=R14(RESC1608L)
Added Component: Designator=R16(RESC1608L)
Added Component: Designator=R17(RESC1608L)
Added Component: Designator=R20(RESC1608L)
Added Component: Designator=R21(RESC1608L)
Added Component: Designator=R22(RESC1608L)
Added Component: Designator=R25(RESC1608L)
Added Component: Designator=R26(RESC1608L)
Added Component: Designator=R27(RESC1608L)
Added Component: Designator=R28(RESC1608L)
Added Component: Designator=R29(RESC1608L)
Added Component: Designator=R30(RESC1608L)
Added Component: Designator=S1(SPST-2)
Added Component: Designator=S2(SPST-2)
Added Component: Designator=U2(LQFP48_L)
Added Component: Designator=U4(DIP-4)
Added Component: Designator=U5(SOT-23-TT3_N)
Added Component: Designator=U8(MP04A_N)
Added Component: Designator=VR1(TO254P1510-3_4L)
Added Component: Designator=VR2(TO254P1510-3_4L)
Added Component: Designator=W1(RAD-0.2)
Added Pin To Net: NetName=DC-GND Pin=C1-1
Added Pin To Net: NetName=DC-GND Pin=C2-1
Added Pin To Net: NetName=+5V Pin=C2-2
Added Pin To Net: NetName=GND Pin=C3-2
Added Pin To Net: NetName=GND Pin=C4-1
Added Pin To Net: NetName=VCC33 Pin=C4-2
Added Pin To Net: NetName=GND Pin=C5-1
Added Pin To Net: NetName=GND Pin=C6-2
Added Pin To Net: NetName=GND Pin=C7-1
Added Pin To Net: NetName=VCC5 Pin=C7-2
Added Pin To Net: NetName=DC-GND Pin=C8-1
Added Pin To Net: NetName=GND Pin=C9-1
Added Pin To Net: NetName=VCC33 Pin=C9-2
Added Pin To Net: NetName=GND Pin=C11-1
Added Pin To Net: NetName=VCC33 Pin=C11-2
Added Pin To Net: NetName=GND Pin=C12-1
Added Pin To Net: NetName=VCC33 Pin=C12-2
Added Pin To Net: NetName=GND Pin=C13-1
Added Pin To Net: NetName=GND Pin=C13-1
Added Pin To Net: NetName=VCC5 Pin=C13-2
Added Pin To Net: NetName=VCC5 Pin=C13-2
Added Pin To Net: NetName=GND Pin=C14-1
Added Pin To Net: NetName=GND Pin=C15-1
Added Pin To Net: NetName=GND Pin=C16-2
Added Pin To Net: NetName=GND Pin=C16-2
Added Pin To Net: NetName=GND Pin=C17-1
Added Pin To Net: NetName=GND Pin=C17-1
Added Pin To Net: NetName=DC-GND Pin=C51-1
Added Pin To Net: NetName=+5V Pin=C51-2
Added Pin To Net: NetName=GND Pin=J1-1A
Added Pin To Net: NetName=GND Pin=J1-1B
Added Pin To Net: NetName=GND Pin=J1-1
Added Pin To Net: NetName=GND Pin=J2-4
Added Pin To Net: NetName=GND Pin=J3-3
Added Pin To Net: NetName=GND Pin=J3-3
Added Pin To Net: NetName=VCC33 Pin=K1-5
Added Pin To Net: NetName=NetLED6_1 Pin=LED6-1
Added Pin To Net: NetName=GND Pin=LED6-2
Added Pin To Net: NetName=VCC33 Pin=P1-1
Added Pin To Net: NetName=VCC33 Pin=P1-2
Added Pin To Net: NetName=GND Pin=P1-4
Added Pin To Net: NetName=GND Pin=P1-6
Added Pin To Net: NetName=GND Pin=P1-8
Added Pin To Net: NetName=GND Pin=P1-10
Added Pin To Net: NetName=GND Pin=P1-12
Added Pin To Net: NetName=GND Pin=P1-14
Added Pin To Net: NetName=GND Pin=P1-16
Added Pin To Net: NetName=GND Pin=P1-18
Added Pin To Net: NetName=GND Pin=P1-20
Added Pin To Net: NetName=VCC33 Pin=R1-2
Added Pin To Net: NetName=VCC33 Pin=R2-1
Added Pin To Net: NetName=GND Pin=R5-2
Added Pin To Net: NetName=VCC33 Pin=R8-1
Added Pin To Net: NetName=VCC33 Pin=R9-1
Added Pin To Net: NetName=VCC33 Pin=R12-1
Added Pin To Net: NetName=VCC33 Pin=R13-1
Added Pin To Net: NetName=VCC33 Pin=R15-2
Added Pin To Net: NetName=VCC33 Pin=R17-1
Added Pin To Net: NetName=VCC33 Pin=R18-1
Added Pin To Net: NetName=VCC33 Pin=R18-1
Added Pin To Net: NetName=VCC33 Pin=R19-2
Added Pin To Net: NetName=VCC33 Pin=R19-2
Added Pin To Net: NetName=VCC5 Pin=R20-2
Added Pin To Net: NetName=VCC5 Pin=R20-2
Added Pin To Net: NetName=VCC33 Pin=R21-2
Added Pin To Net: NetName=GND Pin=R22-1
Added Pin To Net: NetName=GND Pin=R25-1
Added Pin To Net: NetName=GND Pin=R25-1
Added Pin To Net: NetName=NetLED6_1 Pin=R26-1
Added Pin To Net: NetName=VCC33 Pin=R26-2
Added Pin To Net: NetName=GND Pin=R27-1
Added Pin To Net: NetName=NetR27_2 Pin=R27-2
Added Pin To Net: NetName=NetR27_2 Pin=R28-1
Added Pin To Net: NetName=NetC25_2 Pin=R28-2
Added Pin To Net: NetName=NetR29_1 Pin=R29-1
Added Pin To Net: NetName=NetR30_1 Pin=R30-1
Added Pin To Net: NetName=GND Pin=S1-1
Added Pin To Net: NetName=GND Pin=S2-2
Added Pin To Net: NetName=+5V Pin=U3-4
Added Pin To Net: NetName=DC-GND Pin=U3-11
Added Pin To Net: NetName=VCC5 Pin=U4-1
Added Pin To Net: NetName=VCC5 Pin=U4-1
Added Pin To Net: NetName=GND Pin=U4-3
Added Pin To Net: NetName=GND Pin=U4-3
Added Pin To Net: NetName=VCC33 Pin=U5-2
Added Pin To Net: NetName=GND Pin=U5-3
Added Pin To Net: NetName=NetR27_2 Pin=U8-1
Added Pin To Net: NetName=NetC25_2 Pin=U8-2
Added Pin To Net: NetName=VCC5 Pin=U8-3
Added Pin To Net: NetName=NetC25_2 Pin=U8-4
Added Pin To Net: NetName=GND Pin=VR1-2
Added Pin To Net: NetName=VCC33 Pin=VR1-3
Added Pin To Net: NetName=GND Pin=VR2-2
Added Pin To Net: NetName=VCC5 Pin=VR2-3
Added Pin To Net: NetName=KLEMNIK1 Pin=P2-1
Added Pin To Net: NetName=KLEMNIK1 Pin=R14-2
Added Net: Name=KLEMNIK1
Added Pin To Net: NetName=KLEMNIK5 Pin=P2-5
Added Pin To Net: NetName=KLEMNIK5 Pin=R11-2
Added Net: Name=KLEMNIK5
Added Pin To Net: NetName=NetC1_2 Pin=C1-2
Added Net: Name=NetC1_2
Added Pin To Net: NetName=NetC3_1 Pin=C3-1
Added Pin To Net: NetName=NetC3_1 Pin=C5-2
Added Pin To Net: NetName=NetC3_1 Pin=C6-1
Added Pin To Net: NetName=NetC3_1 Pin=VR1-1
Added Pin To Net: NetName=NetC3_1 Pin=VR2-1
Added Net: Name=NetC3_1
Added Pin To Net: NetName=NetC10_2 Pin=C10-2
Added Pin To Net: NetName=NetC10_2 Pin=R10-2
Added Pin To Net: NetName=NetC10_2 Pin=R11-1
Added Net: Name=NetC10_2
Added Pin To Net: NetName=NetC14_2 Pin=C14-2
Added Pin To Net: NetName=NetC14_2 Pin=C15-2
Added Net: Name=NetC14_2
Added Pin To Net: NetName=NetC16_1 Pin=C16-1
Added Pin To Net: NetName=NetC16_1 Pin=R18-2
Added Net: Name=NetC16_1
Added Pin To Net: NetName=NetC17_2 Pin=C17-2
Added Pin To Net: NetName=NetC17_2 Pin=R19-1
Added Net: Name=NetC17_2
Added Pin To Net: NetName=NetD1_1 Pin=J1-2
Added Pin To Net: NetName=NetD1_1 Pin=J1-2A
Added Pin To Net: NetName=NetD1_1 Pin=J1-2B
Added Pin To Net: NetName=NetD1_1 Pin=J1-3
Added Pin To Net: NetName=NetD1_1 Pin=J1-3A
Added Pin To Net: NetName=NetD1_1 Pin=J1-3B
Added Net: Name=NetD1_1
Added Pin To Net: NetName=NetD2_1 Pin=K1-4
Added Net: Name=NetD2_1
Added Pin To Net: NetName=NetJ2_2 Pin=J2-2
Added Pin To Net: NetName=NetJ2_2 Pin=R4-2
Added Net: Name=NetJ2_2
Added Pin To Net: NetName=NetJ2_3 Pin=J2-3
Added Pin To Net: NetName=NetJ2_3 Pin=R7-2
Added Net: Name=NetJ2_3
Added Pin To Net: NetName=NetJ3_1 Pin=J3-1
Added Pin To Net: NetName=NetJ3_1 Pin=R20-1
Added Pin To Net: NetName=NetJ3_1 Pin=R24-1
Added Net: Name=NetJ3_1
Added Pin To Net: NetName=NetJ3_2 Pin=J3-2
Added Pin To Net: NetName=NetJ3_2 Pin=R24-2
Added Pin To Net: NetName=NetJ3_2 Pin=R25-2
Added Net: Name=NetJ3_2
Added Pin To Net: NetName=NetK1_1 Pin=K1-1
Added Pin To Net: NetName=NetK1_1 Pin=P3-1
Added Net: Name=NetK1_1
Added Pin To Net: NetName=NetK1_3 Pin=K1-3
Added Pin To Net: NetName=NetK1_3 Pin=P3-2
Added Net: Name=NetK1_3
Added Pin To Net: NetName=NetLED2_1 Pin=LED2-1
Added Pin To Net: NetName=NetLED2_1 Pin=R8-2
Added Net: Name=NetLED2_1
Added Pin To Net: NetName=NetLED3_1 Pin=LED3-1
Added Pin To Net: NetName=NetLED3_1 Pin=R9-2
Added Net: Name=NetLED3_1
Added Pin To Net: NetName=NetLED4_1 Pin=LED4-1
Added Pin To Net: NetName=NetLED4_1 Pin=R12-2
Added Net: Name=NetLED4_1
Added Pin To Net: NetName=NetLED5_1 Pin=LED5-1
Added Pin To Net: NetName=NetLED5_1 Pin=R13-2
Added Net: Name=NetLED5_1
Added Pin To Net: NetName=NetQ1_1 Pin=R1-1
Added Pin To Net: NetName=NetQ1_1 Pin=R3-1
Added Net: Name=NetQ1_1
Added Pin To Net: NetName=NetQ1_3 Pin=R6-2
Added Net: Name=NetQ1_3
Added Pin To Net: NetName=NetQ2_1 Pin=R23-2
Added Net: Name=NetQ2_1
Added Pin To Net: NetName=NetR4_1 Pin=R4-1
Added Net: Name=NetR4_1
Added Pin To Net: NetName=NetR6_1 Pin=R6-1
Added Pin To Net: NetName=NetR6_1 Pin=R7-1
Added Net: Name=NetR6_1
Added Pin To Net: NetName=NetR10_1 Pin=R10-1
Added Pin To Net: NetName=NetR10_1 Pin=U3-3
Added Net: Name=NetR10_1
Added Pin To Net: NetName=NetR14_1 Pin=R14-1
Added Pin To Net: NetName=NetR14_1 Pin=U4-2
Added Net: Name=NetR14_1
Added Pin To Net: NetName=NetR15_1 Pin=R15-1
Added Pin To Net: NetName=NetR15_1 Pin=S1-2
Added Net: Name=NetR15_1
Added Pin To Net: NetName=NetR22_2 Pin=R22-2
Added Pin To Net: NetName=NetR22_2 Pin=W1-2
Added Net: Name=NetR22_2
Added Net: Name=NetU6_1
Added Net: Name=NetU6_2
Added Net: Name=NetU6_4
Added Pin To Net: NetName=PIO0_0 Pin=P1-15
Added Pin To Net: NetName=PIO0_0 Pin=S2-1
Added Pin To Net: NetName=PIO0_0 Pin=U5-1
Added Net: Name=PIO0_0
Added Pin To Net: NetName=PIO0_1 Pin=R21-1
Added Pin To Net: NetName=PIO0_1 Pin=W1-1
Added Net: Name=PIO0_1
Added Net: Name=PIO0_2
Added Pin To Net: NetName=PIO0_3 Pin=R16-1
Added Pin To Net: NetName=PIO0_3 Pin=R17-2
Added Net: Name=PIO0_3
Added Net: Name=PIO0_4
Added Net: Name=PIO0_5
Added Pin To Net: NetName=PIO0_6 Pin=R3-2
Added Net: Name=PIO0_6
Added Net: Name=PIO0_7
Added Net: Name=PIO0_8
Added Pin To Net: NetName=PIO0_9 Pin=P1-13
Added Net: Name=PIO0_9
Added Pin To Net: NetName=PIO0_10 Pin=P1-9
Added Pin To Net: NetName=PIO0_10 Pin=R5-1
Added Net: Name=PIO0_10
Added Net: Name=PIO0_11
Added Pin To Net: NetName=PIO1_0 Pin=C10-1
Added Pin To Net: NetName=PIO1_0 Pin=U3-1
Added Pin To Net: NetName=PIO1_0 Pin=U3-2
Added Net: Name=PIO1_0
Added Net: Name=PIO1_1
Added Net: Name=PIO1_2
Added Pin To Net: NetName=PIO1_3 Pin=P1-7
Added Pin To Net: NetName=PIO1_3 Pin=R2-2
Added Net: Name=PIO1_3
Added Net: Name=PIO1_4
Added Net: Name=PIO1_5
Added Net: Name=PIO1_6
Added Net: Name=PIO1_7
Added Net: Name=PIO1_8
Added Net: Name=PIO1_9
Added Net: Name=PIO1_10
Added Net: Name=PIO1_11
Added Pin To Net: NetName=PIO2_0 Pin=LED2-2
Added Net: Name=PIO2_0
Added Pin To Net: NetName=PIO2_1 Pin=LED3-2
Added Net: Name=PIO2_1
Added Pin To Net: NetName=PIO2_2 Pin=LED4-2
Added Net: Name=PIO2_2
Added Pin To Net: NetName=PIO2_3 Pin=LED5-2
Added Net: Name=PIO2_3
Added Pin To Net: NetName=PIO2_4 Pin=R23-1
Added Net: Name=PIO2_4
Added Net: Name=PIO2_5
Added Net: Name=PIO2_6
Added Net: Name=PIO2_7
Added Pin To Net: NetName=PIO2_8 Pin=U4-4
Added Pin To Net: NetName=PIO2_8 Pin=U4-4
Added Net: Name=PIO2_8
Added Net: Name=PIO2_10
Added Net: Name=PIO2_11
Added Net: Name=PIO3_0
Added Net: Name=PIO3_1
Added Net: Name=PIO3_2
Added Net: Name=PIO3_3
Added Pin To Net: NetName=VBUS Pin=J2-1
Added Pin To Net: NetName=VBUS Pin=R16-2
Added Net: Name=VBUS
Change Class Name : Old Net Name=test1 New Net Name=test11
Added Class: Name=Sheet1
Added Class: Name=test22
Added Member To Class: ClassName=temp Member=Component C16 Cap Semi
Added Member To Class: ClassName=temp Member=Component C17 Cap Semi
Added Member To Class: ClassName=temp Member=Component J3 CON3
Added Member To Class: ClassName=temp Member=Component R19 Res Semi
Added Member To Class: ClassName=temp Member=Component R20 Res Semi
Added Member To Class: ClassName=temp Member=Component R25 Res Semi
Added Member To Class: ClassName=temp Member=Component R26 Res Semi
Added Member To Class: ClassName=temp Member=Component R27 Res Semi
Added Member To Class: ClassName=temp Member=Component U8 LM1117IMP-ADJ
Added Room: Name=Sheet1
Added Room: Name=test11
Added Room: Name=test22
