Removed Member From Class: ClassName=220V_r Member=220V
Removed Member From Class: ClassName=220V_r Member=220V
Removed Member From Class: ClassName=220V_r Member=220V
Removed Member From Class: ClassName=220V_r Member=220V
Removed Member From Class: ClassName=220V_r Member=NetH3_2
Removed Member From Class: ClassName=220V_r Member=NetH3_4
Removed Member From Class: ClassName=220V_r Member=NetH4_1
Removed Member From Class: ClassName=220V_r Member=NetH4_3
Added Pin To Net: NetName=H3_2 Pin=H3-2
Added Pin To Net: NetName=H3_2 Pin=H3-4
Added Pin To Net: NetName=H3_2 Pin=H220-1
Added Pin To Net: NetName=H3_2 Pin=K1-4
Added Pin To Net: NetName=H3_2 Pin=K2-4
Added Net: Name=H3_2
Added Pin To Net: NetName=H4_1 Pin=H4-1
Added Pin To Net: NetName=H4_1 Pin=H4-3
Added Pin To Net: NetName=H4_1 Pin=H220-2
Added Pin To Net: NetName=H4_1 Pin=K3-3
Added Pin To Net: NetName=H4_1 Pin=K4-3
Added Net: Name=H4_1
Added Pin To Net: NetName=NetH3_1 Pin=H3-1
Added Pin To Net: NetName=NetH3_1 Pin=K3-4
Added Net: Name=NetH3_1
Added Pin To Net: NetName=NetH3_3 Pin=H3-3
Added Pin To Net: NetName=NetH3_3 Pin=K4-4
Added Net: Name=NetH3_3
Added Pin To Net: NetName=NetH4_2 Pin=H4-2
Added Pin To Net: NetName=NetH4_2 Pin=K1-3
Added Net: Name=NetH4_2
Added Pin To Net: NetName=NetH4_4 Pin=H4-4
Added Pin To Net: NetName=NetH4_4 Pin=K2-3
Added Net: Name=NetH4_4
Added Member To Class: ClassName=220V_r Member=Wire H3_2
Added Member To Class: ClassName=220V_r Member=Wire H3_2
Added Member To Class: ClassName=220V_r Member=Wire H4_1
Added Member To Class: ClassName=220V_r Member=Wire H4_1
Added Member To Class: ClassName=220V_r Member=Wire NetH3_1
Added Member To Class: ClassName=220V_r Member=Wire NetH3_3
Added Member To Class: ClassName=220V_r Member=Wire NetH4_2
Added Member To Class: ClassName=220V_r Member=Wire NetH4_4
