Removed Pin From Net: NetName=DC-GND Pin=C8-1
Removed Pin From Net: NetName=+5V Pin=C8-2
Removed Pin From Net: NetName=DC-GND Pin=C9-1
Removed Pin From Net: NetName=PIO1_0 Pin=C11-1
Removed Pin From Net: NetName=GND Pin=C17-2
Removed Pin From Net: NetName=GND Pin=C18-1
Removed Pin From Net: NetName=DC-GND Pin=C19-1
Removed Pin From Net: NetName=+5V Pin=C19-2
Removed Pin From Net: NetName=DC-GND Pin=C20-1
Removed Pin From Net: NetName=PIO1_1 Pin=C21-1
Removed Pin From Net: NetName=+5V Pin=C22-2
Removed Pin From Net: NetName=PIO1_2 Pin=C24-1
Removed Pin From Net: NetName=NetC24_2 Pin=C24-2
Removed Pin From Net: NetName=DC-GND Pin=C25-1
Removed Pin From Net: NetName=+5V Pin=C25-2
Removed Pin From Net: NetName=NetC26_2 Pin=C26-2
Removed Pin From Net: NetName=PIO1_3 Pin=C27-1
Removed Pin From Net: NetName=VCC33 Pin=D3-2
Removed Pin From Net: NetName=NetH5_1 Pin=K1-1
Removed Pin From Net: NetName=NetH5_2 Pin=K1-3
Removed Pin From Net: NetName=NetD3_1 Pin=K1-4
Removed Pin From Net: NetName=VCC33 Pin=K1-5
Removed Pin From Net: NetName=NetD3_1 Pin=Q2-2
Removed Pin From Net: NetName=GND Pin=Q2-3
Removed Pin From Net: NetName=VCC33 Pin=R18-1
Removed Pin From Net: NetName=NetC18_2 Pin=R19-1
Removed Pin From Net: NetName=VCC33 Pin=R19-2
Removed Pin From Net: NetName=VCC5 Pin=R20-2
Removed Pin From Net: NetName=GND Pin=R24-1
Removed Pin From Net: NetName=PIO2_4 Pin=R25-1
Removed Pin From Net: NetName=NetQ2_1 Pin=R25-2
Removed Pin From Net: NetName=NetC20_2 Pin=R26-1
Removed Pin From Net: NetName=NetH2_2 Pin=R27-2
Removed Pin From Net: NetName=NetC24_2 Pin=R28-2
Removed Pin From Net: NetName=NetC24_2 Pin=R29-1
Removed Pin From Net: NetName=NetC26_2 Pin=R30-1
Removed Pin From Net: NetName=NetH2_4 Pin=R31-2
Removed Pin From Net: NetName=PIO1_0 Pin=U3-1
Removed Pin From Net: NetName=PIO1_0 Pin=U3-2
Removed Pin From Net: NetName=+5V Pin=U3-4
Removed Pin From Net: NetName=NetC20_2 Pin=U3-5
Removed Pin From Net: NetName=PIO1_1 Pin=U3-6
Removed Pin From Net: NetName=PIO1_1 Pin=U3-7
Removed Pin From Net: NetName=PIO1_2 Pin=U3-8
Removed Pin From Net: NetName=PIO1_2 Pin=U3-9
Removed Pin From Net: NetName=DC-GND Pin=U3-11
Removed Pin From Net: NetName=NetC26_2 Pin=U3-12
Removed Pin From Net: NetName=PIO1_3 Pin=U3-13
Removed Pin From Net: NetName=PIO1_3 Pin=U3-14
Removed Pin From Net: NetName=VCC5 Pin=U4-1
Removed Pin From Net: NetName=GND Pin=U4-3
Removed Pin From Net: NetName=PIO2_8 Pin=U4-4
Removed Pin From Net: NetName=PIO0_0 Pin=U5-1
Removed Pin From Net: NetName=VCC33 Pin=U5-2
Removed Pin From Net: NetName=GND Pin=U5-3
Removed Pin From Net: NetName=GND Pin=U6-5
Removed Pin From Net: NetName=NetJ3_1 Pin=U6-6
Removed Pin From Net: NetName=NetJ3_2 Pin=U6-7
Removed Pin From Net: NetName=VCC5 Pin=U6-8
Removed Pin From Net: NetName=GND Pin=U7-2
Removed Pin From Net: NetName=PIO1_5 Pin=U7-4
Removed Pin From Net: NetName=PIO1_7 Pin=U7-5
Removed Pin From Net: NetName=GND Pin=U7-8
Removed Pin From Net: NetName=GND Pin=U7-9
Removed Pin From Net: NetName=VCC33 Pin=U7-10
Removed Pin From Net: NetName=PIO1_6 Pin=U7-14
Removed Pin From Net: NetName=GND Pin=U7-15
Removed Pin From Net: NetName=NetC18_2 Pin=U7-16
Removed Member From Class: ClassName=Sheet1 Member=C15
Removed Member From Class: ClassName=Sheet1 Member=C17
Removed Member From Class: ClassName=Sheet1 Member=C18
Removed Member From Class: ClassName=Sheet1 Member=C18
Removed Member From Class: ClassName=Sheet1 Member=D3
Removed Member From Class: ClassName=Sheet1 Member=K1
Removed Member From Class: ClassName=Sheet1 Member=Q2
Removed Member From Class: ClassName=Sheet1 Member=Q2
Removed Member From Class: ClassName=Sheet1 Member=R21
Removed Member From Class: ClassName=Sheet1 Member=R22
Removed Member From Class: ClassName=Sheet1 Member=R23
Removed Member From Class: ClassName=Sheet1 Member=R24
Removed Member From Class: ClassName=Sheet1 Member=R25
Removed Member From Class: ClassName=Sheet1 Member=U6
Removed Member From Class: ClassName=Sheet1 Member=U7
Change Component DesignItemId : Designator=U7 Old DesignItemId=ADuM3301 New DesignItemId=TL074CD
Change Component DesignItemId : Designator=U6 Old DesignItemId=MAX485CSA New DesignItemId=TL074CD
Change Component DesignItemId : Designator=U5 Old DesignItemId=MCP130T-450I/TT New DesignItemId=ADM2483
Change Component DesignItemId : Designator=Q2 Old DesignItemId=MMBT3904 New DesignItemId=PMBT5551
Change Component DesignItemId : Designator=U4 Old DesignItemId=Optoisolator1 New DesignItemId=DS1820
Change Component DesignItemId : Designator=K1 Old DesignItemId=Relay-SPDT New DesignItemId=Relay-5VDC-10A
Change Component DesignItemId : Designator=U3 Old DesignItemId=TL074CD New DesignItemId=MCP130T-300I/TT
Change Component Footprint: Designator=U4 Old Footprint=DIP-4 New Footprint=PR35
Change Component Footprint: Designator=K1 Old Footprint=DIP-P5/X1.65 New Footprint=TRCF-SB
Change Component Footprint: Designator=U6 Old Footprint=NSO8_N New Footprint=SO14_M
Change Component Footprint: Designator=U3 Old Footprint=SO14_M New Footprint=SOT-23-TT3_N
Change Component Footprint: Designator=U7 Old Footprint=SO16_N New Footprint=SO14_M
Change Component Footprint: Designator=U5 Old Footprint=SOT-23-TT3_N New Footprint=SO16_N
Change Component Comment : Designator=Q2 Old Comment=2N3904 New Comment=PMBT5551
Change Component Comment : Designator=U7 Old Comment=ADuM3301 New Comment=TL074CD
Change Component Comment : Designator=U4 Old Comment=KPC357 New Comment=DS1820
Change Component Comment : Designator=U6 Old Comment=MAX485CSA New Comment=TL074CD
Change Component Comment : Designator=U5 Old Comment=MCP130T-450I/TT New Comment=ADM2483
Change Component Comment : Designator=K1 Old Comment=Relay-SPDT New Comment=Relay-5VDC-10A
Change Component Comment : Designator=U3 Old Comment=TL074CD New Comment=MCP130T-300I/TT
Change Component Designator: OldDesignator=C10 NewDesignator=C8
Change Component Designator: OldDesignator=C12 NewDesignator=C10
Change Component Designator: OldDesignator=C13 NewDesignator=C9
Change Component Designator: OldDesignator=C15 NewDesignator=C11
Change Component Designator: OldDesignator=C16 NewDesignator=C12
Change Component Designator: OldDesignator=C23 NewDesignator=C30
Change Component Designator: OldDesignator=C24 NewDesignator=C32
Change Component Designator: OldDesignator=C26 NewDesignator=C35
Change Component Designator: OldDesignator=R12 NewDesignator=R10
Change Component Designator: OldDesignator=R13 NewDesignator=R11
Change Component Designator: OldDesignator=R15 NewDesignator=R12
Change Component Designator: OldDesignator=R16 NewDesignator=R13
Change Component Designator: OldDesignator=R17 NewDesignator=R14
Change Component Designator: OldDesignator=R20 NewDesignator=R15
Change Component Designator: OldDesignator=R21 NewDesignator=R16
Change Component Designator: OldDesignator=R22 NewDesignator=R17
Change Component Designator: OldDesignator=R23 NewDesignator=R20
Change Component Designator: OldDesignator=R24 NewDesignator=R19
Change Component Designator: OldDesignator=R29 NewDesignator=R36
Change Component Designator: OldDesignator=R30 NewDesignator=R37
Change Component Designator: OldDesignator=S1 NewDesignator=S2
Change Component Designator: OldDesignator=S2 NewDesignator=S1
Change Component Description : Designator=Q2 Old Description=NPN Switching Transistor New Description=NPN Switching Transistor  
Change Component Library : Designator=Q2 Old Library=Philips Discrete BJT - Low Power.IntLib New Library=Sheet1_lib.SchLib
Added Component: Designator=C13(CAPC1608L)
Added Component: Designator=C15(CAPC1608L)
Added Component: Designator=C16(CAPC1608L)
Added Component: Designator=C23(CAPC1608L)
Added Component: Designator=C24(CAPC1608L)
Added Component: Designator=C26(CAPC1608L)
Added Component: Designator=C28(CAPC1608L)
Added Component: Designator=C29(CAPC1608L)
Added Component: Designator=C31(CAPC1608L)
Added Component: Designator=C33(CAPC1608L)
Added Component: Designator=C34(CAPC1608L)
Added Component: Designator=C36(CAPC1608L)
Added Component: Designator=C37(CAPC1608L)
Added Component: Designator=C38(CAPC1608L)
Added Component: Designator=D4(SMB)
Added Component: Designator=D5(SMB)
Added Component: Designator=D6(SMB)
Added Component: Designator=K2(TRCF-SB)
Added Component: Designator=K3(TRIH-AE)
Added Component: Designator=K4(TRIH-AE)
Added Component: Designator=Q3(SOT23_M)
Added Component: Designator=Q4(SOT23_M)
Added Component: Designator=Q5(SOT23_M)
Added Component: Designator=R21(RESC1608L)
Added Component: Designator=R22(RESC1608L)
Added Component: Designator=R23(RESC1608L)
Added Component: Designator=R24(RESC1608L)
Added Component: Designator=R29(RESC1608L)
Added Component: Designator=R30(RESC1608L)
Added Component: Designator=R32(RESC1608L)
Added Component: Designator=R33(RESC1608L)
Added Component: Designator=R34(RESC1608L)
Added Component: Designator=R35(RESC1608L)
Added Component: Designator=R38(RESC1608L)
Added Component: Designator=R39(RESC1608L)
Added Component: Designator=R40(RESC1608L)
Added Pin To Net: NetName=VCC33 Pin=C13-1
Added Pin To Net: NetName=GND Pin=C13-2
Added Pin To Net: NetName=DC-GND Pin=C15-1
Added Pin To Net: NetName=+5V Pin=C15-2
Added Pin To Net: NetName=DC-GND Pin=C16-1
Added Pin To Net: NetName=DC-GND Pin=C17-1
Added Pin To Net: NetName=+5V Pin=C17-2
Added Pin To Net: NetName=DC-GND Pin=C18-1
Added Pin To Net: NetName=PIO1_3 Pin=C19-1
Added Pin To Net: NetName=PIO0_11 Pin=C20-1
Added Pin To Net: NetName=DC-GND Pin=C21-1
Added Pin To Net: NetName=+5V Pin=C21-2
Added Pin To Net: NetName=DC-GND Pin=C23-1
Added Pin To Net: NetName=+5V Pin=C23-2
Added Pin To Net: NetName=DC-GND Pin=C24-1
Added Pin To Net: NetName=NetC24_2 Pin=C24-2
Added Pin To Net: NetName=PIO1_4 Pin=C25-1
Added Pin To Net: NetName=PIO1_0 Pin=C26-1
Added Pin To Net: NetName=NetC26_2 Pin=C26-2
Added Pin To Net: NetName=DC-GND Pin=C27-1
Added Pin To Net: NetName=+5V Pin=C27-2
Added Pin To Net: NetName=DC-GND Pin=C28-1
Added Pin To Net: NetName=+5V Pin=C28-2
Added Pin To Net: NetName=DC-GND Pin=C29-1
Added Pin To Net: NetName=PIO1_10 Pin=C31-1
Added Pin To Net: NetName=PIO1_1 Pin=C32-1
Added Pin To Net: NetName=DC-GND Pin=C33-1
Added Pin To Net: NetName=+5V Pin=C33-2
Added Pin To Net: NetName=DC-GND Pin=C34-1
Added Pin To Net: NetName=+5V Pin=C34-2
Added Pin To Net: NetName=DC-GND Pin=C36-1
Added Pin To Net: NetName=PIO1_2 Pin=C37-1
Added Pin To Net: NetName=PIO1_11 Pin=C38-1
Added Pin To Net: NetName=VCC5 Pin=D3-2
Added Pin To Net: NetName=VCC5 Pin=D4-2
Added Pin To Net: NetName=VCC5 Pin=D5-2
Added Pin To Net: NetName=VCC5 Pin=D6-2
Added Pin To Net: NetName=PIO2_8 Pin=H3-1
Added Pin To Net: NetName=PIO2_9 Pin=H3-2
Added Pin To Net: NetName=PIO2_10 Pin=H3-3
Added Pin To Net: NetName=PIO2_11 Pin=H3-4
Added Pin To Net: NetName=NetD3_1 Pin=K1-1
Added Pin To Net: NetName=VCC5 Pin=K1-2
Added Pin To Net: NetName=NetH5_1 Pin=K1-3
Added Pin To Net: NetName=NetH5_2 Pin=K1-4
Added Pin To Net: NetName=VCC5 Pin=K2-2
Added Pin To Net: NetName=GND Pin=Q2-2
Added Pin To Net: NetName=NetD3_1 Pin=Q2-3
Added Pin To Net: NetName=GND Pin=Q3-2
Added Pin To Net: NetName=GND Pin=Q4-2
Added Pin To Net: NetName=GND Pin=Q5-2
Added Pin To Net: NetName=GND Pin=R15-2
Added Pin To Net: NetName=PIO3_0 Pin=R18-1
Added Pin To Net: NetName=VCC5 Pin=R18-2
Added Pin To Net: NetName=VCC5 Pin=R19-1
Added Pin To Net: NetName=NetC18_2 Pin=R23-1
Added Pin To Net: NetName=NetC20_2 Pin=R23-2
Added Pin To Net: NetName=NetC20_2 Pin=R24-1
Added Pin To Net: NetName=NetQ2_1 Pin=R25-1
Added Pin To Net: NetName=PIO2_4 Pin=R25-2
Added Pin To Net: NetName=PIO2_5 Pin=R26-2
Added Pin To Net: NetName=NetC24_2 Pin=R29-1
Added Pin To Net: NetName=NetC26_2 Pin=R29-2
Added Pin To Net: NetName=NetC26_2 Pin=R30-1
Added Pin To Net: NetName=NetH2_2 Pin=R30-2
Added Pin To Net: NetName=PIO2_6 Pin=R32-2
Added Pin To Net: NetName=PIO2_7 Pin=R33-2
Added Pin To Net: NetName=NetH2_4 Pin=R39-2
Added Pin To Net: NetName=PIO0_0 Pin=U3-1
Added Pin To Net: NetName=VCC33 Pin=U3-2
Added Pin To Net: NetName=GND Pin=U3-3
Added Pin To Net: NetName=GND Pin=U4-1
Added Pin To Net: NetName=PIO3_0 Pin=U4-2
Added Pin To Net: NetName=VCC5 Pin=U4-3
Added Pin To Net: NetName=VCC33 Pin=U5-1
Added Pin To Net: NetName=GND Pin=U5-2
Added Pin To Net: NetName=PIO1_6 Pin=U5-3
Added Pin To Net: NetName=PIO1_5 Pin=U5-4
Added Pin To Net: NetName=PIO1_5 Pin=U5-5
Added Pin To Net: NetName=PIO1_7 Pin=U5-6
Added Pin To Net: NetName=PIO0_0 Pin=U5-7
Added Pin To Net: NetName=GND Pin=U5-8
Added Pin To Net: NetName=GND Pin=U5-9
Added Pin To Net: NetName=NetJ3_2 Pin=U5-12
Added Pin To Net: NetName=NetJ3_1 Pin=U5-13
Added Pin To Net: NetName=GND Pin=U5-15
Added Pin To Net: NetName=VCC5 Pin=U5-16
Added Pin To Net: NetName=PIO1_3 Pin=U6-1
Added Pin To Net: NetName=PIO1_3 Pin=U6-2
Added Pin To Net: NetName=+5V Pin=U6-4
Added Pin To Net: NetName=NetC18_2 Pin=U6-5
Added Pin To Net: NetName=PIO0_11 Pin=U6-6
Added Pin To Net: NetName=PIO0_11 Pin=U6-7
Added Pin To Net: NetName=PIO1_4 Pin=U6-8
Added Pin To Net: NetName=PIO1_4 Pin=U6-9
Added Pin To Net: NetName=DC-GND Pin=U6-11
Added Pin To Net: NetName=NetC24_2 Pin=U6-12
Added Pin To Net: NetName=PIO1_0 Pin=U6-13
Added Pin To Net: NetName=PIO1_0 Pin=U6-14
Added Pin To Net: NetName=PIO1_10 Pin=U7-1
Added Pin To Net: NetName=PIO1_10 Pin=U7-2
Added Pin To Net: NetName=+5V Pin=U7-4
Added Pin To Net: NetName=PIO1_1 Pin=U7-6
Added Pin To Net: NetName=PIO1_1 Pin=U7-7
Added Pin To Net: NetName=PIO1_2 Pin=U7-8
Added Pin To Net: NetName=PIO1_2 Pin=U7-9
Added Pin To Net: NetName=DC-GND Pin=U7-11
Added Pin To Net: NetName=PIO1_11 Pin=U7-13
Added Pin To Net: NetName=PIO1_11 Pin=U7-14
Change Net Name : Old Net Name=NetC15_2 New Net Name=NetC11_2
Change Net Name : Old Net Name=NetR15_1 New Net Name=NetR12_1
Change Net Name : Old Net Name=NetR22_2 New Net Name=NetR17_2
Added Pin To Net: NetName=NetC16_2 Pin=C16-2
Added Pin To Net: NetName=NetC16_2 Pin=R21-1
Added Pin To Net: NetName=NetC16_2 Pin=U6-3
Added Net: Name=NetC16_2
Added Pin To Net: NetName=NetC19_2 Pin=C19-2
Added Pin To Net: NetName=NetC19_2 Pin=R21-2
Added Pin To Net: NetName=NetC19_2 Pin=R22-1
Added Net: Name=NetC19_2
Added Pin To Net: NetName=NetC22_2 Pin=C22-2
Added Pin To Net: NetName=NetC22_2 Pin=R27-1
Added Pin To Net: NetName=NetC22_2 Pin=U6-10
Added Net: Name=NetC22_2
Added Pin To Net: NetName=NetC25_2 Pin=C25-2
Added Pin To Net: NetName=NetC25_2 Pin=R27-2
Added Pin To Net: NetName=NetC25_2 Pin=R28-1
Added Net: Name=NetC25_2
Added Pin To Net: NetName=NetC29_2 Pin=C29-2
Added Pin To Net: NetName=NetC29_2 Pin=R31-1
Added Pin To Net: NetName=NetC29_2 Pin=U7-3
Added Net: Name=NetC29_2
Added Pin To Net: NetName=NetC30_2 Pin=C30-2
Added Pin To Net: NetName=NetC30_2 Pin=R35-1
Added Pin To Net: NetName=NetC30_2 Pin=U7-5
Added Net: Name=NetC30_2
Added Pin To Net: NetName=NetC31_2 Pin=C31-2
Added Pin To Net: NetName=NetC31_2 Pin=R31-2
Added Pin To Net: NetName=NetC31_2 Pin=R34-1
Added Net: Name=NetC31_2
Added Pin To Net: NetName=NetC32_2 Pin=C32-2
Added Pin To Net: NetName=NetC32_2 Pin=R35-2
Added Pin To Net: NetName=NetC32_2 Pin=R36-1
Added Net: Name=NetC32_2
Added Pin To Net: NetName=NetC35_2 Pin=C35-2
Added Pin To Net: NetName=NetC35_2 Pin=R37-1
Added Pin To Net: NetName=NetC35_2 Pin=U7-10
Added Net: Name=NetC35_2
Added Pin To Net: NetName=NetC36_2 Pin=C36-2
Added Pin To Net: NetName=NetC36_2 Pin=R38-1
Added Pin To Net: NetName=NetC36_2 Pin=U7-12
Added Net: Name=NetC36_2
Added Pin To Net: NetName=NetC37_2 Pin=C37-2
Added Pin To Net: NetName=NetC37_2 Pin=R37-2
Added Pin To Net: NetName=NetC37_2 Pin=R39-1
Added Net: Name=NetC37_2
Added Pin To Net: NetName=NetC38_2 Pin=C38-2
Added Pin To Net: NetName=NetC38_2 Pin=R38-2
Added Pin To Net: NetName=NetC38_2 Pin=R40-1
Added Net: Name=NetC38_2
Added Pin To Net: NetName=NetD4_1 Pin=D4-1
Added Pin To Net: NetName=NetD4_1 Pin=K2-1
Added Pin To Net: NetName=NetD4_1 Pin=Q3-3
Added Net: Name=NetD4_1
Added Pin To Net: NetName=NetD5_1 Pin=D5-1
Added Pin To Net: NetName=NetD5_1 Pin=Q4-3
Added Net: Name=NetD5_1
Added Pin To Net: NetName=NetD6_1 Pin=D6-1
Added Pin To Net: NetName=NetD6_1 Pin=Q5-3
Added Net: Name=NetD6_1
Added Pin To Net: NetName=NetH1_1 Pin=H1-1
Added Pin To Net: NetName=NetH1_1 Pin=R22-2
Added Net: Name=NetH1_1
Added Pin To Net: NetName=NetH1_2 Pin=H1-2
Added Pin To Net: NetName=NetH1_2 Pin=R28-2
Added Net: Name=NetH1_2
Added Pin To Net: NetName=NetH1_3 Pin=H1-3
Added Pin To Net: NetName=NetH1_3 Pin=R34-2
Added Net: Name=NetH1_3
Added Pin To Net: NetName=NetH1_4 Pin=H1-4
Added Pin To Net: NetName=NetH1_4 Pin=R40-2
Added Net: Name=NetH1_4
Added Pin To Net: NetName=NetH2_1 Pin=H2-1
Added Pin To Net: NetName=NetH2_1 Pin=R24-2
Added Net: Name=NetH2_1
Added Pin To Net: NetName=NetH4_1 Pin=H4-1
Added Net: Name=NetH4_1
Added Pin To Net: NetName=NetH4_2 Pin=H4-2
Added Net: Name=NetH4_2
Added Pin To Net: NetName=NetH4_3 Pin=H4-3
Added Net: Name=NetH4_3
Added Pin To Net: NetName=NetH4_4 Pin=H4-4
Added Net: Name=NetH4_4
Added Pin To Net: NetName=NetH5_3 Pin=H5-3
Added Pin To Net: NetName=NetH5_3 Pin=K2-3
Added Net: Name=NetH5_3
Added Pin To Net: NetName=NetH5_4 Pin=H5-4
Added Pin To Net: NetName=NetH5_4 Pin=K2-4
Added Net: Name=NetH5_4
Added Pin To Net: NetName=NetQ3_1 Pin=Q3-1
Added Pin To Net: NetName=NetQ3_1 Pin=R26-1
Added Net: Name=NetQ3_1
Added Pin To Net: NetName=NetQ4_1 Pin=Q4-1
Added Pin To Net: NetName=NetQ4_1 Pin=R32-1
Added Net: Name=NetQ4_1
Added Pin To Net: NetName=NetQ5_1 Pin=Q5-1
Added Pin To Net: NetName=NetQ5_1 Pin=R33-1
Added Net: Name=NetQ5_1
Added Member To Class: ClassName=Slave_Sheet2 Member=Component C15 Cap Semi
Added Member To Class: ClassName=Slave_Sheet2 Member=Component C16 Cap Semi
Added Member To Class: ClassName=Slave_Sheet2 Member=Component C17 Cap Semi
Added Member To Class: ClassName=Slave_Sheet2 Member=Component C18 Cap Semi
Added Member To Class: ClassName=Slave_Sheet2 Member=Component C28 Cap Semi
Added Member To Class: ClassName=Slave_Sheet2 Member=Component C29 Cap Semi
Added Member To Class: ClassName=Slave_Sheet2 Member=Component C30 Cap Semi
Added Member To Class: ClassName=Slave_Sheet2 Member=Component C31 Cap Semi
Added Member To Class: ClassName=Slave_Sheet2 Member=Component C32 Cap Semi
Added Member To Class: ClassName=Slave_Sheet2 Member=Component C33 Cap Semi
Added Member To Class: ClassName=Slave_Sheet2 Member=Component C34 Cap Semi
Added Member To Class: ClassName=Slave_Sheet2 Member=Component C35 Cap Semi
Added Member To Class: ClassName=Slave_Sheet2 Member=Component C36 Cap Semi
Added Member To Class: ClassName=Slave_Sheet2 Member=Component C37 Cap Semi
Added Member To Class: ClassName=Slave_Sheet2 Member=Component C38 Cap Semi
Added Member To Class: ClassName=Slave_Sheet2 Member=Component D3 Diode 1N4007
Added Member To Class: ClassName=Slave_Sheet2 Member=Component D4 Diode 1N4007
Added Member To Class: ClassName=Slave_Sheet2 Member=Component D5 Diode 1N4007
Added Member To Class: ClassName=Slave_Sheet2 Member=Component D6 Diode 1N4007
Added Member To Class: ClassName=Slave_Sheet2 Member=Component K1 Relay-5VDC-10A
Added Member To Class: ClassName=Slave_Sheet2 Member=Component K2 Relay-5VDC-10A
Added Member To Class: ClassName=Slave_Sheet2 Member=Component K3 Relay-5VDC-16A
Added Member To Class: ClassName=Slave_Sheet2 Member=Component K4 Relay-5VDC-16A
Added Member To Class: ClassName=Slave_Sheet2 Member=Component Q2 PMBT5551
Added Member To Class: ClassName=Slave_Sheet2 Member=Component Q3 PMBT5551
Added Member To Class: ClassName=Slave_Sheet2 Member=Component Q4 PMBT5551
Added Member To Class: ClassName=Slave_Sheet2 Member=Component Q5 PMBT5551
Added Member To Class: ClassName=Slave_Sheet2 Member=Component R21 Res Semi
Added Member To Class: ClassName=Slave_Sheet2 Member=Component R22 Res Semi
Added Member To Class: ClassName=Slave_Sheet2 Member=Component R23 Res Semi
Added Member To Class: ClassName=Slave_Sheet2 Member=Component R24 Res Semi
Added Member To Class: ClassName=Slave_Sheet2 Member=Component R25 Res Semi
Added Member To Class: ClassName=Slave_Sheet2 Member=Component R32 Res Semi
Added Member To Class: ClassName=Slave_Sheet2 Member=Component R33 Res Semi
Added Member To Class: ClassName=Slave_Sheet2 Member=Component R34 Res Semi
Added Member To Class: ClassName=Slave_Sheet2 Member=Component R35 Res Semi
Added Member To Class: ClassName=Slave_Sheet2 Member=Component R36 Res Semi
Added Member To Class: ClassName=Slave_Sheet2 Member=Component R37 Res Semi
Added Member To Class: ClassName=Slave_Sheet2 Member=Component R38 Res Semi
Added Member To Class: ClassName=Slave_Sheet2 Member=Component R39 Res Semi
Added Member To Class: ClassName=Slave_Sheet2 Member=Component R40 Res Semi
Added Member To Class: ClassName=Slave_Sheet2 Member=Component U6 TL074CD
Added Member To Class: ClassName=Slave_Sheet2 Member=Component U7 TL074CD
