Added Component: Designator=C1(CAPC1608L)
Added Component: Designator=C2(CAPC1608L)
Added Component: Designator=C3(CAPC1608L)
Added Component: Designator=C4(CAPC1608L)
Added Component: Designator=C5(CAPC1608L)
Added Component: Designator=C6(CAPC1608L)
Added Component: Designator=C15(CAPC1608L)
Added Component: Designator=C16(CAPC1608L)
Added Component: Designator=C20(CAPC1608L)
Added Component: Designator=C21(CAPC1608L)
Added Component: Designator=J2(HDR1X4)
Added Component: Designator=J3(MHDR1X3)
Added Component: Designator=J?(KLD-0202)
Added Component: Designator=K?(DIP-P5/X1.65)
Added Component: Designator=Led1(LED-0)
Added Component: Designator=Led2(LED-0)
Added Component: Designator=Led3(LED-0)
Added Component: Designator=Led4(LED-0)
Added Component: Designator=Led5(LED-0)
Added Component: Designator=Led6(LED-0)
Added Component: Designator=P1(HDR2X10)
Added Component: Designator=P2(HDR1X11)
Added Component: Designator=P3(HDR1X8)
Added Component: Designator=R3(RESC1608L)
Added Component: Designator=R4(RESC1608L)
Added Component: Designator=R5(RESC1608L)
Added Component: Designator=R6(RESC1608L)
Added Component: Designator=R7(RESC1608L)
Added Component: Designator=R8(RESC1608L)
Added Component: Designator=R9(RESC1608L)
Added Component: Designator=R12(RESC1608L)
Added Component: Designator=R17(RESC1608L)
Added Component: Designator=R18(RESC1608L)
Added Component: Designator=R19(RESC1608L)
Added Component: Designator=R21(RESC1608L)
Added Component: Designator=R24(RESC1608L)
Added Component: Designator=R25(RESC1608L)
Added Component: Designator=R26(RESC1608L)
Added Component: Designator=R28(RESC1608L)
Added Component: Designator=R29(RESC1608L)
Added Component: Designator=R31(RESC1608L)
Added Component: Designator=R32(RESC1608L)
Added Component: Designator=R34(RESC1608L)
Added Component: Designator=S1(SPST-2)
Added Component: Designator=S2(SPST-2)
Added Component: Designator=W1(RAD-0.2)
Added Pin To Net: NetName=GND Pin=C1-1
Added Pin To Net: NetName=GND Pin=C2-1
Added Pin To Net: NetName=GND Pin=C3-1
Added Pin To Net: NetName=GND Pin=C4-1
Added Pin To Net: NetName=GND Pin=C5-1
Added Pin To Net: NetName=GND Pin=C6-1
Added Pin To Net: NetName=GND Pin=C15-1
Added Pin To Net: NetName=GND Pin=C16-1
Added Pin To Net: NetName=GND Pin=C20-2
Added Pin To Net: NetName=GND Pin=C21-2
Added Pin To Net: NetName=GND Pin=J2-4
Added Pin To Net: NetName=GND Pin=J3-3
Added Pin To Net: NetName=GND Pin=J?-1
Added Pin To Net: NetName=GND Pin=J?-1A
Added Pin To Net: NetName=GND Pin=J?-1B
Added Pin To Net: NetName=GND Pin=Led5-2
Added Pin To Net: NetName=GND Pin=Led6-2
Added Pin To Net: NetName=GND Pin=P1-4
Added Pin To Net: NetName=GND Pin=P1-6
Added Pin To Net: NetName=GND Pin=P1-8
Added Pin To Net: NetName=GND Pin=P1-10
Added Pin To Net: NetName=GND Pin=P1-12
Added Pin To Net: NetName=GND Pin=P1-14
Added Pin To Net: NetName=GND Pin=P1-16
Added Pin To Net: NetName=GND Pin=P1-18
Added Pin To Net: NetName=GND Pin=P1-20
Added Pin To Net: NetName=GND Pin=R19-1
Added Pin To Net: NetName=GND Pin=R25-1
Added Pin To Net: NetName=GND Pin=R32-2
Added Pin To Net: NetName=GND Pin=S1-1
Added Pin To Net: NetName=GND Pin=S2-1
Added Pin To Net: NetName=GND Pin=W1-2
Added Net: Name=GND
Added Pin To Net: NetName=KLEMNIK1 Pin=P2-1
Added Net: Name=KLEMNIK1
Added Pin To Net: NetName=KLEMNIK2 Pin=P2-2
Added Net: Name=KLEMNIK2
Added Pin To Net: NetName=KLEMNIK3 Pin=P2-3
Added Net: Name=KLEMNIK3
Added Pin To Net: NetName=KLEMNIK4 Pin=P2-4
Added Net: Name=KLEMNIK4
Added Pin To Net: NetName=NetC2_2 Pin=C2-2
Added Net: Name=NetC2_2
Added Pin To Net: NetName=NetD2_1 Pin=K?-4
Added Net: Name=NetD2_1
Added Pin To Net: NetName=NetJ2_2 Pin=J2-2
Added Pin To Net: NetName=NetJ2_2 Pin=R17-2
Added Net: Name=NetJ2_2
Added Pin To Net: NetName=NetJ2_3 Pin=J2-3
Added Pin To Net: NetName=NetJ2_3 Pin=R18-2
Added Net: Name=NetJ2_3
Added Pin To Net: NetName=NetJ3_1 Pin=J3-1
Added Pin To Net: NetName=NetJ3_1 Pin=R24-1
Added Pin To Net: NetName=NetJ3_1 Pin=R26-1
Added Net: Name=NetJ3_1
Added Pin To Net: NetName=NetJ3_2 Pin=J3-2
Added Pin To Net: NetName=NetJ3_2 Pin=R25-2
Added Pin To Net: NetName=NetJ3_2 Pin=R26-2
Added Net: Name=NetJ3_2
Added Pin To Net: NetName=NetJ?_3 Pin=J?-3
Added Pin To Net: NetName=NetJ?_3 Pin=J?-3A
Added Pin To Net: NetName=NetJ?_3 Pin=J?-3B
Added Net: Name=NetJ?_3
Added Pin To Net: NetName=NetK?_1 Pin=K?-1
Added Pin To Net: NetName=NetK?_1 Pin=P3-1
Added Net: Name=NetK?_1
Added Pin To Net: NetName=NetK?_3 Pin=K?-3
Added Pin To Net: NetName=NetK?_3 Pin=P3-2
Added Net: Name=NetK?_3
Added Pin To Net: NetName=NetLed1_1 Pin=Led1-1
Added Pin To Net: NetName=NetLed1_1 Pin=R4-2
Added Net: Name=NetLed1_1
Added Pin To Net: NetName=NetLed2_1 Pin=Led2-1
Added Pin To Net: NetName=NetLed2_1 Pin=R5-2
Added Net: Name=NetLed2_1
Added Pin To Net: NetName=NetLed3_1 Pin=Led3-1
Added Pin To Net: NetName=NetLed3_1 Pin=R6-2
Added Net: Name=NetLed3_1
Added Pin To Net: NetName=NetLed4_1 Pin=Led4-1
Added Pin To Net: NetName=NetLed4_1 Pin=R7-2
Added Net: Name=NetLed4_1
Added Pin To Net: NetName=NetLed5_1 Pin=Led5-1
Added Pin To Net: NetName=NetLed5_1 Pin=R3-1
Added Net: Name=NetLed5_1
Added Pin To Net: NetName=NetQ1_1 Pin=R8-1
Added Pin To Net: NetName=NetQ1_1 Pin=R9-1
Added Net: Name=NetQ1_1
Added Pin To Net: NetName=NetQ1_3 Pin=R34-2
Added Net: Name=NetQ1_3
Added Pin To Net: NetName=NetQ?_1 Pin=R29-2
Added Net: Name=NetQ?_1
Added Pin To Net: NetName=NetR17_1 Pin=R17-1
Added Net: Name=NetR17_1
Added Pin To Net: NetName=NetR18_1 Pin=R18-1
Added Pin To Net: NetName=NetR18_1 Pin=R34-1
Added Net: Name=NetR18_1
Added Pin To Net: NetName=NetR21_1 Pin=R21-1
Added Pin To Net: NetName=NetR21_1 Pin=S1-2
Added Net: Name=NetR21_1
Added Pin To Net: NetName=NetR28_1 Pin=R28-1
Added Pin To Net: NetName=NetR28_1 Pin=S2-2
Added Net: Name=NetR28_1
Added Net: Name=NetU1_8
Added Net: Name=NetU3_12
Added Net: Name=NetU3_13
Added Net: Name=NetU3_14
Added Pin To Net: NetName=PIO0_0 Pin=P1-15
Added Net: Name=PIO0_0
Added Pin To Net: NetName=PIO0_1 Pin=W1-1
Added Net: Name=PIO0_1
Added Net: Name=PIO0_2
Added Pin To Net: NetName=PIO0_3 Pin=R12-1
Added Pin To Net: NetName=PIO0_3 Pin=R19-2
Added Net: Name=PIO0_3
Added Net: Name=PIO0_4
Added Net: Name=PIO0_5
Added Pin To Net: NetName=PIO0_6 Pin=R8-2
Added Net: Name=PIO0_6
Added Net: Name=PIO0_7
Added Net: Name=PIO0_8
Added Pin To Net: NetName=PIO0_9 Pin=P1-13
Added Net: Name=PIO0_9
Added Pin To Net: NetName=PIO0_10 Pin=P1-9
Added Pin To Net: NetName=PIO0_10 Pin=R32-1
Added Net: Name=PIO0_10
Added Net: Name=PIO0_11
Added Net: Name=PIO1_0
Added Net: Name=PIO1_1
Added Net: Name=PIO1_2
Added Pin To Net: NetName=PIO1_3 Pin=P1-7
Added Pin To Net: NetName=PIO1_3 Pin=R31-2
Added Net: Name=PIO1_3
Added Net: Name=PIO1_4
Added Net: Name=PIO1_5
Added Net: Name=PIO1_6
Added Net: Name=PIO1_7
Added Net: Name=PIO1_8
Added Net: Name=PIO1_9
Added Net: Name=PIO1_10
Added Net: Name=PIO1_11
Added Pin To Net: NetName=PIO2_0 Pin=Led1-2
Added Net: Name=PIO2_0
Added Pin To Net: NetName=PIO2_1 Pin=Led2-2
Added Net: Name=PIO2_1
Added Pin To Net: NetName=PIO2_2 Pin=Led3-2
Added Net: Name=PIO2_2
Added Pin To Net: NetName=PIO2_3 Pin=Led4-2
Added Net: Name=PIO2_3
Added Pin To Net: NetName=PIO2_4 Pin=R29-1
Added Net: Name=PIO2_4
Added Net: Name=PIO2_5
Added Net: Name=PIO2_6
Added Net: Name=PIO2_7
Added Net: Name=PIO2_8
Added Net: Name=PIO2_9
Added Net: Name=PIO2_10
Added Net: Name=PIO2_11
Added Net: Name=PIO3_0
Added Net: Name=PIO3_1
Added Net: Name=PIO3_2
Added Net: Name=PIO3_3
Added Pin To Net: NetName=VBUS Pin=J2-1
Added Pin To Net: NetName=VBUS Pin=R12-2
Added Net: Name=VBUS
Added Pin To Net: NetName=VCC5 Pin=C1-2
Added Pin To Net: NetName=VCC5 Pin=C20-1
Added Pin To Net: NetName=VCC5 Pin=C21-1
Added Pin To Net: NetName=VCC5 Pin=J?-2
Added Pin To Net: NetName=VCC5 Pin=J?-2A
Added Pin To Net: NetName=VCC5 Pin=J?-2B
Added Pin To Net: NetName=VCC5 Pin=R24-2
Added Net: Name=VCC5
Added Pin To Net: NetName=VCC33 Pin=C3-2
Added Pin To Net: NetName=VCC33 Pin=C4-2
Added Pin To Net: NetName=VCC33 Pin=C5-2
Added Pin To Net: NetName=VCC33 Pin=C6-2
Added Pin To Net: NetName=VCC33 Pin=K?-5
Added Pin To Net: NetName=VCC33 Pin=P1-1
Added Pin To Net: NetName=VCC33 Pin=P1-2
Added Pin To Net: NetName=VCC33 Pin=R3-2
Added Pin To Net: NetName=VCC33 Pin=R4-1
Added Pin To Net: NetName=VCC33 Pin=R5-1
Added Pin To Net: NetName=VCC33 Pin=R6-1
Added Pin To Net: NetName=VCC33 Pin=R7-1
Added Pin To Net: NetName=VCC33 Pin=R9-2
Added Pin To Net: NetName=VCC33 Pin=R21-2
Added Pin To Net: NetName=VCC33 Pin=R28-2
Added Pin To Net: NetName=VCC33 Pin=R31-1
Added Net: Name=VCC33
Added Pin To Net: NetName=XIN Pin=C15-2
Added Pin To Net: NetName=XIN Pin=C16-2
Added Net: Name=XIN
Added Class: Name=Sheet1
Added Room: Name=Sheet1
