Removed Pin From Net: NetName=GND Pin=C18-1
Removed Pin From Net: NetName=VCC5 Pin=C18-2
Removed Pin From Net: NetName=GND Pin=C19-1
Removed Pin From Net: NetName=GND Pin=C20-1
Removed Pin From Net: NetName=VCC33 Pin=C20-2
Removed Pin From Net: NetName=GND Pin=C21-1
Removed Pin From Net: NetName=VCC33 Pin=C21-2
Removed Pin From Net: NetName=GND Pin=C22-1
Removed Pin From Net: NetName=VCC33 Pin=C22-2
Removed Pin From Net: NetName=GND Pin=C23-1
Removed Pin From Net: NetName=VCC33 Pin=C23-2
Removed Pin From Net: NetName=VCC5 Pin=C24-1
Removed Pin From Net: NetName=GND Pin=C24-2
Removed Pin From Net: NetName=GND Pin=C25-1
Removed Pin From Net: NetName=VCC5 Pin=C26-1
Removed Pin From Net: NetName=GND Pin=C26-2
Removed Pin From Net: NetName=DC-GND Pin=C27-1
Removed Pin From Net: NetName=+5V Pin=C27-2
Removed Pin From Net: NetName=DC-GND Pin=C28-1
Removed Pin From Net: NetName=+5V Pin=C28-2
Removed Pin From Net: NetName=GND Pin=J4-1A
Removed Pin From Net: NetName=GND Pin=J4-1B
Removed Pin From Net: NetName=GND Pin=J4-1
Removed Pin From Net: NetName=VCC5 Pin=J4-2A
Removed Pin From Net: NetName=VCC5 Pin=J4-2B
Removed Pin From Net: NetName=VCC5 Pin=J4-2
Removed Pin From Net: NetName=GND Pin=LED6-2
Removed Pin From Net: NetName=VCC33 Pin=R26-2
Removed Pin From Net: NetName=GND Pin=R27-1
Removed Pin From Net: NetName=PIO2_9 Pin=U3-6
Removed Pin From Net: NetName=PIO2_9 Pin=U3-7
Removed Pin From Net: NetName=VCC5 Pin=U8-3
Removed Pin From Net: NetName=+5V Pin=U9-1
Removed Pin From Net: NetName=DC-GND Pin=U9-3
Removed Pin From Net: NetName=+5V Pin=U10-1
Removed Pin From Net: NetName=DC-GND Pin=U10-3
Removed Pin From Net: NetName=VCC5 Pin=VR3-1
Removed Pin From Net: NetName=GND Pin=VR3-2
Change Component DesignItemId : Designator=U6 Old DesignItemId=MAX485CPA New DesignItemId=MAX485CSA
Change Component DesignItemId : Designator=J3 Old DesignItemId=MHDR1X3 New DesignItemId=RS485 Klemnik 3
Change Component Footprint: Designator=J3 Old Footprint=MHDR1X3 New Footprint=Klemnik3_5mm
Change Component Comment : Designator=U6 Old Comment=MAX485CPA New Comment=MAX485CSA
Change Component Library : Designator=U6 Old Library=Maxim Communication Transceiver.IntLib New Library=Sheet1_lib.SchLib
Change Component Library : Designator=U4 Old Library=Miscellaneous Devices.IntLib New Library=Sheet1_lib.SchLib
Added Component: Designator=D2(SMB)
Added Component: Designator=D3(SMB)
Added Component: Designator=L1(INDC1608N)
Added Component: Designator=Q1(SOT23_M)
Added Component: Designator=Q2(SOT23_M)
Added Component: Designator=U7(SO16_N)
Added Component: Designator=Y1(R38)
Added Pin To Net: NetName=NetD2_1 Pin=D2-1
Added Pin To Net: NetName=VCC33 Pin=D2-2
Added Pin To Net: NetName=GND Pin=D3-1
Added Pin To Net: NetName=NetD1_1 Pin=D3-2
Added Pin To Net: NetName=NetC1_2 Pin=L1-1
Added Pin To Net: NetName=+5V Pin=L1-2
Added Pin To Net: NetName=NetQ1_1 Pin=Q1-1
Added Pin To Net: NetName=VCC33 Pin=Q1-2
Added Pin To Net: NetName=NetQ1_3 Pin=Q1-3
Added Pin To Net: NetName=NetQ2_1 Pin=Q2-1
Added Pin To Net: NetName=NetD2_1 Pin=Q2-2
Added Pin To Net: NetName=GND Pin=Q2-3
Added Pin To Net: NetName=NetC16_1 Pin=U7-1
Added Pin To Net: NetName=GND Pin=U7-2
Added Pin To Net: NetName=NetU6_1 Pin=U7-3
Added Pin To Net: NetName=PIO1_5 Pin=U7-4
Added Pin To Net: NetName=PIO1_7 Pin=U7-5
Added Pin To Net: NetName=GND Pin=U7-8
Added Pin To Net: NetName=GND Pin=U7-9
Added Pin To Net: NetName=VCC33 Pin=U7-10
Added Pin To Net: NetName=NetU6_4 Pin=U7-12
Added Pin To Net: NetName=NetU6_2 Pin=U7-13
Added Pin To Net: NetName=PIO1_6 Pin=U7-14
Added Pin To Net: NetName=GND Pin=U7-15
Added Pin To Net: NetName=NetC17_2 Pin=U7-16
Added Pin To Net: NetName=NetC14_2 Pin=Y1-1
Added Pin To Net: NetName=NetC14_2 Pin=Y1-2
Added Member To Class: ClassName=Sheet1 Member=Component C13 Cap Semi
Added Member To Class: ClassName=Sheet1 Member=Component C16 Cap Semi
Added Member To Class: ClassName=Sheet1 Member=Component C17 Cap Semi
Added Member To Class: ClassName=Sheet1 Member=Component D2 Diode 1N4007
Added Member To Class: ClassName=Sheet1 Member=Component D3 Diode 1N4007
Added Member To Class: ClassName=Sheet1 Member=Component J3 CON3
Added Member To Class: ClassName=Sheet1 Member=Component L1 Inductor
Added Member To Class: ClassName=Sheet1 Member=Component Q1 MMBT2907LT1
Added Member To Class: ClassName=Sheet1 Member=Component Q2 2N3904
Added Member To Class: ClassName=Sheet1 Member=Component R14 Res Semi
Added Member To Class: ClassName=Sheet1 Member=Component R18 Res Semi
Added Member To Class: ClassName=Sheet1 Member=Component R19 Res Semi
Added Member To Class: ClassName=Sheet1 Member=Component R20 Res Semi
Added Member To Class: ClassName=Sheet1 Member=Component R24 Res Semi
Added Member To Class: ClassName=Sheet1 Member=Component R25 Res Semi
Added Member To Class: ClassName=Sheet1 Member=Component U4 KPC357
Added Member To Class: ClassName=Sheet1 Member=Component U6 MAX485CSA
Added Member To Class: ClassName=Sheet1 Member=Component U7 ADuM3301
Added Member To Class: ClassName=Sheet1 Member=Component Y1 12MZ
