Removed Pin From Net: NetName=NetC16_1 Pin=C16-1
Removed Pin From Net: NetName=NetC17_2 Pin=C17-2
Removed Pin From Net: NetName=KLEMNIK1 Pin=R14-2
Removed Pin From Net: NetName=NetC16_1 Pin=R18-2
Removed Pin From Net: NetName=NetC17_2 Pin=R19-1
Removed Pin From Net: NetName=NetU6_1 Pin=U6-1
Removed Pin From Net: NetName=NetU6_2 Pin=U6-2
Removed Pin From Net: NetName=NetU6_2 Pin=U6-3
Removed Pin From Net: NetName=NetU6_4 Pin=U6-4
Added Pin To Net: NetName=GND Pin=C13-1
Added Pin To Net: NetName=VCC5 Pin=C13-2
Added Pin To Net: NetName=NetC16_1 Pin=C16-1
Added Pin To Net: NetName=GND Pin=C16-2
Added Pin To Net: NetName=GND Pin=C17-1
Added Pin To Net: NetName=NetC17_2 Pin=C17-2
Added Pin To Net: NetName=GND Pin=J3-3
Added Pin To Net: NetName=KLEMNIK1 Pin=R14-2
Added Pin To Net: NetName=VCC33 Pin=R18-1
Added Pin To Net: NetName=NetC16_1 Pin=R18-2
Added Pin To Net: NetName=NetC17_2 Pin=R19-1
Added Pin To Net: NetName=VCC33 Pin=R19-2
Added Pin To Net: NetName=VCC5 Pin=R20-2
Added Pin To Net: NetName=GND Pin=R25-1
Added Pin To Net: NetName=+5V Pin=U3-4
Added Pin To Net: NetName=DC-GND Pin=U3-11
Added Pin To Net: NetName=VCC5 Pin=U4-1
Added Pin To Net: NetName=GND Pin=U4-3
Added Pin To Net: NetName=PIO2_8 Pin=U4-4
Added Pin To Net: NetName=NetU6_1 Pin=U6-1
Added Pin To Net: NetName=NetU6_2 Pin=U6-2
Added Pin To Net: NetName=NetU6_2 Pin=U6-3
Added Pin To Net: NetName=NetU6_4 Pin=U6-4
Added Pin To Net: NetName=GND Pin=U6-5
Added Pin To Net: NetName=VCC5 Pin=U6-8
