Removed Pin From Net: NetName=NetC16_1 Pin=C16-1
Removed Pin From Net: NetName=NetC17_2 Pin=C17-2
Removed Pin From Net: NetName=NetD1_1 Pin=J1-2A
Removed Pin From Net: NetName=NetD1_1 Pin=J1-2B
Removed Pin From Net: NetName=NetD1_1 Pin=J1-2
Removed Pin From Net: NetName=NetD1_1 Pin=J1-3A
Removed Pin From Net: NetName=NetD1_1 Pin=J1-3B
Removed Pin From Net: NetName=NetD1_1 Pin=J1-3
Removed Pin From Net: NetName=GND Pin=J2-4
Removed Pin From Net: NetName=KLEMNIK1 Pin=P2-1
Removed Pin From Net: NetName=KLEMNIK5 Pin=P2-5
Removed Pin From Net: NetName=KLEMNIK1 Pin=R14-2
Removed Pin From Net: NetName=NetC16_1 Pin=R18-2
Removed Pin From Net: NetName=NetC17_2 Pin=R19-1
Removed Member From Class: ClassName=temp Member=Led1
Removed Member From Class: ClassName=Sheet1 Member=P2
Removed Member From Class: ClassName=Sheet1 Member=P3
Removed Member From Class: ClassName=temp Member=R15
Removed Member From Class: ClassName=test11 Member=R19
Removed Member From Class: ClassName=temp Member=R23
Change Component DesignItemId : Designator=J2 Old DesignItemId=Header 4 New DesignItemId=USB connector 5
Change Component DesignItemId : Designator=Led1 Old DesignItemId=LED0 New DesignItemId=LED2
Change Component Footprint: Designator=J2 Old Footprint=HDR1X4 New Footprint=MINI USB
Change Component Footprint: Designator=P1 Old Footprint=HDR2X10 New Footprint=JTAG_SWD_2.54
Change Component Footprint: Designator=Led1 Old Footprint=LED-0 New Footprint=DSO-F2/D6.1
Change Component Footprint: Designator=VR1 Old Footprint=TO254P1510-3_4L New Footprint=TO254P1510-3_4N
Change Component Footprint: Designator=VR2 Old Footprint=TO254P1510-3_4L New Footprint=TO254P1510-3_4N
Change Component Footprint: Designator=VR3 Old Footprint=TO254P1510-3_4L New Footprint=TO254P1510-3_4N
Change Component Comment : Designator=VR1 Old Comment=LM1117-3.3 New Comment=AS1117-3.3
Change Component Comment : Designator=VR2 Old Comment=LM1117-5.0 New Comment=AS1117-5
Change Component Library : Designator=U5 Old Library=Microchip Power Mgt CPU-System Supervisor.IntLib New Library=Sheet1_lib.SchLib
Change Component Library : Designator=U3 Old Library=ST Operational Amplifier.IntLib New Library=Sheet1_lib.SchLib
Added Component: Designator=D1(SOT23_M)
Added Component: Designator=F1(CD4532-1812)
Added Component: Designator=H1(Klemnik4_5mm)
Added Component: Designator=H2(Klemnik4_5mm)
Added Component: Designator=H3(Klemnik4_5mm)
Added Component: Designator=H4(Klemnik4_5mm)
Added Component: Designator=H5(Klemnik4_5mm)
Added Component: Designator=U1(NPSIP4)
Added Component: Designator=U2(LQFP48_L)
Added Component: Designator=U6(NSO8_N)
Added Pin To Net: NetName=GND Pin=C13-1
Added Pin To Net: NetName=VCC5 Pin=C13-2
Added Pin To Net: NetName=NetC16_1 Pin=C16-1
Added Pin To Net: NetName=GND Pin=C16-2
Added Pin To Net: NetName=GND Pin=C17-1
Added Pin To Net: NetName=NetC17_2 Pin=C17-2
Added Pin To Net: NetName=NetD1_1 Pin=D1-1
Added Pin To Net: NetName=VBUS Pin=D1-2
Added Pin To Net: NetName=NetC3_1 Pin=D1-3
Added Pin To Net: NetName=KLEMNIK1 Pin=H3-1
Added Pin To Net: NetName=KLEMNIK5 Pin=H4-1
Added Pin To Net: NetName=GND Pin=J2-5
Added Pin To Net: NetName=GND Pin=J3-3
Added Pin To Net: NetName=KLEMNIK1 Pin=R14-2
Added Pin To Net: NetName=VCC33 Pin=R18-1
Added Pin To Net: NetName=NetC16_1 Pin=R18-2
Added Pin To Net: NetName=NetC17_2 Pin=R19-1
Added Pin To Net: NetName=VCC33 Pin=R19-2
Added Pin To Net: NetName=VCC5 Pin=R20-2
Added Pin To Net: NetName=GND Pin=R25-1
Added Pin To Net: NetName=GND Pin=U1-1
Added Pin To Net: NetName=NetC3_1 Pin=U1-2
Added Pin To Net: NetName=DC-GND Pin=U1-3
Added Pin To Net: NetName=NetC1_2 Pin=U1-4
Added Pin To Net: NetName=PIO2_6 Pin=U2-1
Added Pin To Net: NetName=PIO2_0 Pin=U2-2
Added Pin To Net: NetName=PIO0_0 Pin=U2-3
Added Pin To Net: NetName=PIO0_1 Pin=U2-4
Added Pin To Net: NetName=GND Pin=U2-5
Added Pin To Net: NetName=NetC14_2 Pin=U2-6
Added Pin To Net: NetName=NetC14_2 Pin=U2-7
Added Pin To Net: NetName=VCC33 Pin=U2-8
Added Pin To Net: NetName=PIO1_8 Pin=U2-9
Added Pin To Net: NetName=PIO0_2 Pin=U2-10
Added Pin To Net: NetName=PIO2_7 Pin=U2-11
Added Pin To Net: NetName=PIO2_8 Pin=U2-12
Added Pin To Net: NetName=PIO2_1 Pin=U2-13
Added Pin To Net: NetName=PIO0_3 Pin=U2-14
Added Pin To Net: NetName=PIO0_4 Pin=U2-15
Added Pin To Net: NetName=PIO0_5 Pin=U2-16
Added Pin To Net: NetName=PIO1_9 Pin=U2-17
Added Pin To Net: NetName=PIO2_4 Pin=U2-18
Added Pin To Net: NetName=NetR4_1 Pin=U2-19
Added Pin To Net: NetName=NetR6_1 Pin=U2-20
Added Pin To Net: NetName=PIO2_5 Pin=U2-21
Added Pin To Net: NetName=PIO0_6 Pin=U2-22
Added Pin To Net: NetName=PIO0_7 Pin=U2-23
Added Pin To Net: NetName=PIO2_9 Pin=U2-24
Added Pin To Net: NetName=PIO2_10 Pin=U2-25
Added Pin To Net: NetName=PIO2_2 Pin=U2-26
Added Pin To Net: NetName=PIO0_8 Pin=U2-27
Added Pin To Net: NetName=PIO0_9 Pin=U2-28
Added Pin To Net: NetName=PIO0_10 Pin=U2-29
Added Pin To Net: NetName=PIO1_10 Pin=U2-30
Added Pin To Net: NetName=PIO2_11 Pin=U2-31
Added Pin To Net: NetName=PIO0_11 Pin=U2-32
Added Pin To Net: NetName=PIO1_0 Pin=U2-33
Added Pin To Net: NetName=PIO1_1 Pin=U2-34
Added Pin To Net: NetName=PIO1_2 Pin=U2-35
Added Pin To Net: NetName=PIO3_0 Pin=U2-36
Added Pin To Net: NetName=PIO3_1 Pin=U2-37
Added Pin To Net: NetName=PIO2_3 Pin=U2-38
Added Pin To Net: NetName=PIO1_3 Pin=U2-39
Added Pin To Net: NetName=PIO1_4 Pin=U2-40
Added Pin To Net: NetName=GND Pin=U2-41
Added Pin To Net: NetName=PIO1_11 Pin=U2-42
Added Pin To Net: NetName=PIO3_2 Pin=U2-43
Added Pin To Net: NetName=VCC33 Pin=U2-44
Added Pin To Net: NetName=PIO1_5 Pin=U2-45
Added Pin To Net: NetName=PIO1_6 Pin=U2-46
Added Pin To Net: NetName=PIO1_7 Pin=U2-47
Added Pin To Net: NetName=PIO3_3 Pin=U2-48
Added Pin To Net: NetName=VCC5 Pin=U3-4
Added Pin To Net: NetName=GND Pin=U3-11
Added Pin To Net: NetName=VCC5 Pin=U4-1
Added Pin To Net: NetName=GND Pin=U4-3
Added Pin To Net: NetName=PIO2_8 Pin=U4-4
Added Pin To Net: NetName=NetU6_1 Pin=U6-1
Added Pin To Net: NetName=NetU6_2 Pin=U6-2
Added Pin To Net: NetName=NetU6_2 Pin=U6-3
Added Pin To Net: NetName=NetU6_4 Pin=U6-4
Added Pin To Net: NetName=GND Pin=U6-5
Added Pin To Net: NetName=GND Pin=U6-5
Added Pin To Net: NetName=NetJ3_1 Pin=U6-6
Added Pin To Net: NetName=NetJ3_2 Pin=U6-7
Added Pin To Net: NetName=VCC5 Pin=U6-8
Added Pin To Net: NetName=VCC5 Pin=U6-8
Added Pin To Net: NetName=NetH1_1 Pin=H1-1
Added Pin To Net: NetName=NetH1_1 Pin=K1-1
Added Net: Name=NetH1_1
Added Pin To Net: NetName=NetH1_2 Pin=H1-2
Added Pin To Net: NetName=NetH1_2 Pin=K1-3
Added Net: Name=NetH1_2
Added Pin To Net: NetName=NetJ1_2 Pin=J1-2
Added Pin To Net: NetName=NetJ1_2 Pin=J1-2A
Added Pin To Net: NetName=NetJ1_2 Pin=J1-2B
Added Net: Name=NetJ1_2
Added Pin To Net: NetName=NetJ1_3 Pin=J1-3
Added Pin To Net: NetName=NetJ1_3 Pin=J1-3A
Added Pin To Net: NetName=NetJ1_3 Pin=J1-3B
Added Net: Name=NetJ1_3
Added Member To Class: ClassName=Sheet1 Member=Component D1 BAT54C
Added Member To Class: ClassName=Sheet1 Member=Component F1 Fuse
Added Member To Class: ClassName=Sheet1 Member=Component H1 Klemnik4_my
Added Member To Class: ClassName=Sheet1 Member=Component H2 Klemnik4_my
Added Member To Class: ClassName=Sheet1 Member=Component H3 Klemnik4_my
Added Member To Class: ClassName=Sheet1 Member=Component H4 Klemnik4_my
Added Member To Class: ClassName=Sheet1 Member=Component H5 Klemnik4_my
Added Member To Class: ClassName=temp Member=Component LED6 3.3
Added Member To Class: ClassName=temp Member=Component R28 Res Semi
Added Member To Class: ClassName=temp Member=Component R29 Res Semi
Added Member To Class: ClassName=test11 Member=Component R30 Res Semi
Added Member To Class: ClassName=Sheet1 Member=Component U1 LME0305S
Added Member To Class: ClassName=Sheet1 Member=Component U2 LPC1343FBD48
Added Member To Class: ClassName=temp Member=Component U6 MAX485CPA
