Removed Pin From Net: NetName=GND Pin=C7-1
Removed Pin From Net: NetName=VCC5 Pin=C7-2
Removed Pin From Net: NetName=GND Pin=C14-1
Removed Pin From Net: NetName=PIO1_1 Pin=C14-2
Removed Pin From Net: NetName=PIO1_2 Pin=C15-2
Removed Pin From Net: NetName=GND Pin=C20-2
Removed Pin From Net: NetName=GND Pin=C21-1
Removed Pin From Net: NetName=VCC33 Pin=C21-2
Removed Pin From Net: NetName=GND Pin=C24-2
Removed Pin From Net: NetName=GND Pin=C25-1
Removed Pin From Net: NetName=VCC5 Pin=C25-2
Removed Pin From Net: NetName=NetQ2_1 Pin=R24-1
Removed Pin From Net: NetName=PIO2_4 Pin=R24-2
Removed Pin From Net: NetName=NetQ3_1 Pin=R25-1
Removed Pin From Net: NetName=PIO2_5 Pin=R25-2
Removed Pin From Net: NetName=PIO1_1 Pin=R26-1
Removed Pin From Net: NetName=NetH1_3 Pin=R26-2
Removed Pin From Net: NetName=PIO1_2 Pin=R27-1
Removed Pin From Net: NetName=NetH1_4 Pin=R27-2
Removed Pin From Net: NetName=NetQ4_1 Pin=R28-1
Removed Pin From Net: NetName=PIO2_6 Pin=R28-2
Removed Pin From Net: NetName=NetQ5_1 Pin=R29-1
Removed Pin From Net: NetName=PIO2_7 Pin=R29-2
Removed Pin From Net: NetName=PIO2_8 Pin=R30-2
Removed Pin From Net: NetName=GND Pin=U3-1
Removed Pin From Net: NetName=PIO3_0 Pin=U3-2
Removed Pin From Net: NetName=VCC5 Pin=U3-3
Removed Pin From Net: NetName=VCC33 Pin=U4-1
Removed Pin From Net: NetName=GND Pin=U4-2
Removed Pin From Net: NetName=PIO1_6 Pin=U4-3
Removed Pin From Net: NetName=PIO1_5 Pin=U4-4
Removed Pin From Net: NetName=PIO1_5 Pin=U4-5
Removed Pin From Net: NetName=PIO1_7 Pin=U4-6
Removed Pin From Net: NetName=PIO0_0 Pin=U4-7
Removed Pin From Net: NetName=GND Pin=U4-8
Removed Pin From Net: NetName=GND485 Pin=U4-9
Removed Pin From Net: NetName=NetJ2_2 Pin=U4-12
Removed Pin From Net: NetName=NetJ2_3 Pin=U4-13
Removed Pin From Net: NetName=GND Pin=U4-15
Removed Pin From Net: NetName=VCC5 Pin=U4-16
Removed Member From Class: ClassName=Slave_Sheet2 Member=C20
Removed Member From Class: ClassName=Slave_Sheet2 Member=C21
Removed Member From Class: ClassName=Slave_Sheet2 Member=C24
Removed Member From Class: ClassName=Slave_Sheet2 Member=C25
Removed Member From Class: ClassName=Sheet1 Member=C27
Removed Member From Class: ClassName=Sheet1 Member=C28
Removed Member From Class: ClassName=Slave_Sheet2 Member=R39
Change Component DesignItemId : Designator=U4 Old DesignItemId=ADM2483 New DesignItemId=DS1820
Change Component DesignItemId : Designator=C14 Old DesignItemId=Cap Semi New DesignItemId=Cap Pol3
Change Component Footprint: Designator=C14 Old Footprint=CAPC2012M New Footprint=CAPC4532L
Change Component Footprint: Designator=U4 Old Footprint=SO16_N New Footprint=PR35
Change Component Comment : Designator=U4 Old Comment=ADM2483 New Comment=DS1820
Change Component Comment : Designator=C14 Old Comment=Cap Semi New Comment=Cap Pol3
Change Component Designator: OldDesignator=C4 NewDesignator=C5
Change Component Designator: OldDesignator=C5 NewDesignator=C6
Change Component Designator: OldDesignator=C6 NewDesignator=C8
Change Component Designator: OldDesignator=C27 NewDesignator=C4
Change Component Designator: OldDesignator=C28 NewDesignator=C7
Change Component Designator: OldDesignator=D6 NewDesignator=D7
Change Component Designator: OldDesignator=D7 NewDesignator=D8
Change Component Designator: OldDesignator=D8 NewDesignator=D6
Change Component Designator: OldDesignator=R14 NewDesignator=R13
Change Component Designator: OldDesignator=R15 NewDesignator=R14
Change Component Designator: OldDesignator=R34 NewDesignator=R24
Change Component Designator: OldDesignator=R35 NewDesignator=R25
Change Component Designator: OldDesignator=R36 NewDesignator=R30
Change Component Designator: OldDesignator=R37 NewDesignator=R31
Change Component Designator: OldDesignator=R38 NewDesignator=R15
Change Component Designator: OldDesignator=R39 NewDesignator=R36
Change Component Designator: OldDesignator=R33 NewDesignator=R37
Change Component Designator: OldDesignator=U5 NewDesignator=U3
Change Component Designator: OldDesignator=U10 NewDesignator=U7
Added Component: Designator=C9(CAPC2012M)
Added Component: Designator=C12(CAPC2012M)
Added Component: Designator=C13(CAPC2012M)
Added Component: Designator=C16(CAPC4532L)
Added Component: Designator=C17(CAPC2012M)
Added Component: Designator=R32(RESC2012M)
Added Component: Designator=R34(RESC2012M)
Added Component: Designator=R35(RESC2012M)
Added Component: Designator=U5(SO16_N)
Added Pin To Net: NetName=GND Pin=C9-1
Added Pin To Net: NetName=VCC5 Pin=C9-2
Added Pin To Net: NetName=GND Pin=C12-1
Added Pin To Net: NetName=PIO1_1 Pin=C12-2
Added Pin To Net: NetName=GND Pin=C13-1
Added Pin To Net: NetName=PIO1_2 Pin=C13-2
Added Pin To Net: NetName=GND Pin=C14-2
Added Pin To Net: NetName=VCC33 Pin=C15-2
Added Pin To Net: NetName=GND Pin=C16-2
Added Pin To Net: NetName=GND Pin=C17-1
Added Pin To Net: NetName=VCC5 Pin=C17-2
Added Pin To Net: NetName=NetQ2_1 Pin=R26-1
Added Pin To Net: NetName=PIO2_4 Pin=R26-2
Added Pin To Net: NetName=NetQ3_1 Pin=R27-1
Added Pin To Net: NetName=PIO2_5 Pin=R27-2
Added Pin To Net: NetName=PIO1_1 Pin=R28-1
Added Pin To Net: NetName=NetH1_3 Pin=R28-2
Added Pin To Net: NetName=PIO1_2 Pin=R29-1
Added Pin To Net: NetName=NetH1_4 Pin=R29-2
Added Pin To Net: NetName=PIO2_8 Pin=R32-2
Added Pin To Net: NetName=NetQ4_1 Pin=R34-1
Added Pin To Net: NetName=PIO2_6 Pin=R34-2
Added Pin To Net: NetName=NetQ5_1 Pin=R35-1
Added Pin To Net: NetName=PIO2_7 Pin=R35-2
Added Pin To Net: NetName=GND Pin=U4-1
Added Pin To Net: NetName=PIO3_0 Pin=U4-2
Added Pin To Net: NetName=VCC5 Pin=U4-3
Added Pin To Net: NetName=VCC33 Pin=U5-1
Added Pin To Net: NetName=GND Pin=U5-2
Added Pin To Net: NetName=PIO1_6 Pin=U5-3
Added Pin To Net: NetName=PIO1_5 Pin=U5-4
Added Pin To Net: NetName=PIO1_5 Pin=U5-5
Added Pin To Net: NetName=PIO1_7 Pin=U5-6
Added Pin To Net: NetName=PIO0_0 Pin=U5-7
Added Pin To Net: NetName=GND Pin=U5-8
Added Pin To Net: NetName=GND485 Pin=U5-9
Added Pin To Net: NetName=NetJ2_2 Pin=U5-12
Added Pin To Net: NetName=NetJ2_3 Pin=U5-13
Added Pin To Net: NetName=GND Pin=U5-15
Added Pin To Net: NetName=VCC5 Pin=U5-16
Change Net Name : Old Net Name=NetC4_2 New Net Name=NetC5_2
Change Net Name : Old Net Name=NetC5_2 New Net Name=NetC6_2
Change Net Name : Old Net Name=NetD6_2 New Net Name=NetD7_2
Change Net Name : Old Net Name=NetD8_1 New Net Name=NetD6_1
Change Net Name : Old Net Name=NetR38_2 New Net Name=NetR15_2
Change Net Name : Old Net Name=NetR40_1 New Net Name=NetR37_1
Added Pin To Net: NetName=NetC14_1 Pin=C14-1
Added Pin To Net: NetName=NetC14_1 Pin=C16-1
Added Pin To Net: NetName=NetC14_1 Pin=VR1-3
Added Pin To Net: NetName=NetC14_1 Pin=VR2-3
Added Pin To Net: NetName=NetC14_1 Pin=W2-2
Added Net: Name=NetC14_1
Added Pin To Net: NetName=NetR32_1 Pin=R32-1
Added Pin To Net: NetName=NetR32_1 Pin=U6-1
Added Net: Name=NetR32_1
Added Member To Class: ClassName=Sheet1 Member=Component C8 Cap Semi
Added Member To Class: ClassName=Sheet1 Member=Component C9 Cap Semi
Added Member To Class: ClassName=Slave_Sheet2 Member=Component C12 Cap Semi
Added Member To Class: ClassName=Slave_Sheet2 Member=Component C13 Cap Semi
Added Member To Class: ClassName=Slave_Sheet2 Member=Component C16 Cap Pol3
Added Member To Class: ClassName=Slave_Sheet2 Member=Component C17 Cap Semi
Added Member To Class: ClassName=Slave_Sheet2 Member=Component R32 Res Semi
