Change Component Footprint: Designator=C1 Old Footprint=CAPC1608L New Footprint=CAPC2012M
Change Component Footprint: Designator=C2 Old Footprint=CAPC1608L New Footprint=CAPC2012M
Change Component Footprint: Designator=C3 Old Footprint=CAPC1608L New Footprint=CAPC2012M
Change Component Footprint: Designator=C4 Old Footprint=CAPC1608L New Footprint=CAPC2012M
Change Component Footprint: Designator=C5 Old Footprint=CAPC1608L New Footprint=CAPC2012M
Change Component Footprint: Designator=C6 Old Footprint=CAPC1608L New Footprint=CAPC2012M
Change Component Footprint: Designator=C7 Old Footprint=CAPC1608L New Footprint=CAPC2012M
Change Component Footprint: Designator=C10 Old Footprint=CAPC1608L New Footprint=CAPC2012M
Change Component Footprint: Designator=C11 Old Footprint=CAPC1608L New Footprint=CAPC2012M
Change Component Footprint: Designator=C14 Old Footprint=CAPC1608L New Footprint=CAPC2012M
Change Component Footprint: Designator=C15 Old Footprint=CAPC1608L New Footprint=CAPC2012M
Change Component Footprint: Designator=C21 Old Footprint=CAPC1608L New Footprint=CAPC2012M
Change Component Footprint: Designator=C25 Old Footprint=CAPC1608L New Footprint=CAPC2012M
Change Component Footprint: Designator=C27 Old Footprint=CAPC1608L New Footprint=CAPC2012M
Change Component Footprint: Designator=C28 Old Footprint=CAPC1608L New Footprint=CAPC2012M
Change Component Footprint: Designator=D8 Old Footprint=DSO-F2/D6.1 New Footprint=CD3216-1206
Change Component Footprint: Designator=LED1 Old Footprint=DSO-F2/D6.1 New Footprint=CD3216-1206
Change Component Footprint: Designator=LED2 Old Footprint=DSO-F2/D6.1 New Footprint=CD3216-1206
Change Component Footprint: Designator=LED3 Old Footprint=DSO-F2/D6.1 New Footprint=CD3216-1206
Change Component Footprint: Designator=LED4 Old Footprint=DSO-F2/D6.1 New Footprint=CD3216-1206
Change Component Footprint: Designator=USBC Old Footprint=DSO-F2/D6.1 New Footprint=CD3216-1206
Change Component Footprint: Designator=W1 Old Footprint=RAD-0.2 New Footprint=HDR1X2
Change Component Footprint: Designator=W2 Old Footprint=RAD-0.2 New Footprint=HDR1X2
Change Component Footprint: Designator=R1 Old Footprint=RESC1608L New Footprint=RESC2012M
Change Component Footprint: Designator=R2 Old Footprint=RESC1608L New Footprint=RESC2012M
Change Component Footprint: Designator=R3 Old Footprint=RESC1608L New Footprint=RESC2012M
Change Component Footprint: Designator=R5 Old Footprint=RESC1608L New Footprint=RESC2012M
Change Component Footprint: Designator=R6 Old Footprint=RESC1608L New Footprint=RESC2012M
Change Component Footprint: Designator=R7 Old Footprint=RESC1608L New Footprint=RESC2012M
Change Component Footprint: Designator=R8 Old Footprint=RESC1608L New Footprint=RESC2012M
Change Component Footprint: Designator=R9 Old Footprint=RESC1608L New Footprint=RESC2012M
Change Component Footprint: Designator=R10 Old Footprint=RESC1608L New Footprint=RESC2012M
Change Component Footprint: Designator=R11 Old Footprint=RESC1608L New Footprint=RESC2012M
Change Component Footprint: Designator=R12 Old Footprint=RESC1608L New Footprint=RESC2012M
Change Component Footprint: Designator=R14 Old Footprint=RESC1608L New Footprint=RESC2012M
Change Component Footprint: Designator=R15 Old Footprint=RESC1608L New Footprint=RESC2012M
Change Component Footprint: Designator=R16 Old Footprint=RESC1608L New Footprint=RESC2012M
Change Component Footprint: Designator=R17 Old Footprint=RESC1608L New Footprint=RESC2012M
Change Component Footprint: Designator=R18 Old Footprint=RESC1608L New Footprint=RESC2012M
Change Component Footprint: Designator=R20 Old Footprint=RESC1608L New Footprint=RESC2012M
Change Component Footprint: Designator=R21 Old Footprint=RESC1608L New Footprint=RESC2012M
Change Component Footprint: Designator=R22 Old Footprint=RESC1608L New Footprint=RESC2012M
Change Component Footprint: Designator=R23 Old Footprint=RESC1608L New Footprint=RESC2012M
Change Component Footprint: Designator=R24 Old Footprint=RESC1608L New Footprint=RESC2012M
Change Component Footprint: Designator=R25 Old Footprint=RESC1608L New Footprint=RESC2012M
Change Component Footprint: Designator=R26 Old Footprint=RESC1608L New Footprint=RESC2012M
Change Component Footprint: Designator=R27 Old Footprint=RESC1608L New Footprint=RESC2012M
Change Component Footprint: Designator=R28 Old Footprint=RESC1608L New Footprint=RESC2012M
Change Component Footprint: Designator=R29 Old Footprint=RESC1608L New Footprint=RESC2012M
Change Component Footprint: Designator=R40 Old Footprint=RESC1608L New Footprint=RESC2012M
Change Component Footprint: Designator=R38 Old Footprint=RESC1608L New Footprint=RESC2012M
Change Component Footprint: Designator=R39 Old Footprint=RESC1608L New Footprint=RESC2012M
Change Component Comment : Designator=LED1 Old Comment= New Comment=LED2
Change Component Comment : Designator=LED2 Old Comment= New Comment=LED2
Change Component Comment : Designator=LED3 Old Comment= New Comment=LED2
Change Component Comment : Designator=LED4 Old Comment= New Comment=LED2
Change Component Comment : Designator=W2 Old Comment=Power Button New Comment=Button_inner
Change Component Comment : Designator=USBC Old Comment=USB New Comment=LED2
Change Component Library : Designator=R4 Old Library=Miscellaneous Devices.IntLib New Library=PcbLib1.PcbLib
Change Component Library : Designator=R19 Old Library=Miscellaneous Devices.IntLib New Library=PcbLib1.PcbLib
Change Component Library : Designator=R30 Old Library=Miscellaneous Devices.IntLib New Library=PcbLib1.PcbLib
Change Component Library : Designator=R33 Old Library=Miscellaneous Devices.IntLib New Library=PcbLib1.PcbLib
