Added Pin To Net: NetName=D1_N Pin=R5-1
Added Pin To Net: NetName=D1_N Pin=U2-19
Added Net: Name=D1_N
Added Pin To Net: NetName=D1_P Pin=R7-1
Added Pin To Net: NetName=D1_P Pin=R8-1
Added Pin To Net: NetName=D1_P Pin=U2-20
Added Net: Name=D1_P
Added Pin To Net: NetName=D2_N Pin=J1-2
Added Pin To Net: NetName=D2_N Pin=R5-2
Added Net: Name=D2_N
Added Pin To Net: NetName=D2_P Pin=J1-3
Added Pin To Net: NetName=D2_P Pin=R8-2
Added Net: Name=D2_P
Added Pin To Net: NetName=GND485 Pin=J2-1
Added Pin To Net: NetName=GND485 Pin=R16-2
Added Pin To Net: NetName=GND485 Pin=U5-9
Added Net: Name=GND485
Added Pin To Net: NetName=GND Pin=C1-1
Added Pin To Net: NetName=GND Pin=C2-1
Added Pin To Net: NetName=GND Pin=C3-1
Added Pin To Net: NetName=GND Pin=C4-1
Added Pin To Net: NetName=GND Pin=C5-1
Added Pin To Net: NetName=GND Pin=C6-1
Added Pin To Net: NetName=GND Pin=C7-1
Added Pin To Net: NetName=GND Pin=C8-2
Added Pin To Net: NetName=GND Pin=C9-1
Added Pin To Net: NetName=GND Pin=C10-1
Added Pin To Net: NetName=GND Pin=C11-1
Added Pin To Net: NetName=GND Pin=C12-1
Added Pin To Net: NetName=GND Pin=C13-1
Added Pin To Net: NetName=GND Pin=C14-2
Added Pin To Net: NetName=GND Pin=C15-1
Added Pin To Net: NetName=GND Pin=C16-2
Added Pin To Net: NetName=GND Pin=C17-1
Added Pin To Net: NetName=GND Pin=D5-3
Added Pin To Net: NetName=GND Pin=J1-5
Added Pin To Net: NetName=GND Pin=P1-4
Added Pin To Net: NetName=GND Pin=P1-6
Added Pin To Net: NetName=GND Pin=P1-8
Added Pin To Net: NetName=GND Pin=P1-10
Added Pin To Net: NetName=GND Pin=P1-12
Added Pin To Net: NetName=GND Pin=P1-14
Added Pin To Net: NetName=GND Pin=P1-16
Added Pin To Net: NetName=GND Pin=P1-18
Added Pin To Net: NetName=GND Pin=P1-20
Added Pin To Net: NetName=GND Pin=Q2-2
Added Pin To Net: NetName=GND Pin=Q3-2
Added Pin To Net: NetName=GND Pin=Q4-2
Added Pin To Net: NetName=GND Pin=Q5-2
Added Pin To Net: NetName=GND Pin=R4-1
Added Pin To Net: NetName=GND Pin=R6-2
Added Pin To Net: NetName=GND Pin=R18-1
Added Pin To Net: NetName=GND Pin=R24-1
Added Pin To Net: NetName=GND Pin=R25-1
Added Pin To Net: NetName=GND Pin=R30-1
Added Pin To Net: NetName=GND Pin=R31-1
Added Pin To Net: NetName=GND Pin=Reset-2
Added Pin To Net: NetName=GND Pin=U1-3
Added Pin To Net: NetName=GND Pin=U2-5
Added Pin To Net: NetName=GND Pin=U2-41
Added Pin To Net: NetName=GND Pin=U3-3
Added Pin To Net: NetName=GND Pin=U4-1
Added Pin To Net: NetName=GND Pin=U5-2
Added Pin To Net: NetName=GND Pin=U5-8
Added Pin To Net: NetName=GND Pin=U5-15
Added Pin To Net: NetName=GND Pin=U6-2
Added Pin To Net: NetName=GND Pin=U7-3
Added Pin To Net: NetName=GND Pin=VR1-1
Added Pin To Net: NetName=GND Pin=VR2-1
Added Net: Name=GND
Added Pin To Net: NetName=H3_2 Pin=H3-2
Added Pin To Net: NetName=H3_2 Pin=H3-4
Added Pin To Net: NetName=H3_2 Pin=H220-1
Added Pin To Net: NetName=H3_2 Pin=K1-4
Added Pin To Net: NetName=H3_2 Pin=K2-4
Added Net: Name=H3_2
Added Pin To Net: NetName=H4_1 Pin=H4-1
Added Pin To Net: NetName=H4_1 Pin=H4-3
Added Pin To Net: NetName=H4_1 Pin=H220-2
Added Pin To Net: NetName=H4_1 Pin=K3-3
Added Pin To Net: NetName=H4_1 Pin=K4-3
Added Net: Name=H4_1
Added Pin To Net: NetName=NetC5_2 Pin=C5-2
Added Pin To Net: NetName=NetC5_2 Pin=U2-6
Added Pin To Net: NetName=NetC5_2 Pin=Y1-2
Added Net: Name=NetC5_2
Added Pin To Net: NetName=NetC6_2 Pin=C6-2
Added Pin To Net: NetName=NetC6_2 Pin=U2-7
Added Pin To Net: NetName=NetC6_2 Pin=Y1-1
Added Net: Name=NetC6_2
Added Pin To Net: NetName=NetC14_1 Pin=C14-1
Added Pin To Net: NetName=NetC14_1 Pin=C16-1
Added Pin To Net: NetName=NetC14_1 Pin=VR1-3
Added Pin To Net: NetName=NetC14_1 Pin=VR2-3
Added Pin To Net: NetName=NetC14_1 Pin=W2-2
Added Net: Name=NetC14_1
Added Pin To Net: NetName=NetD1_1 Pin=D1-1
Added Pin To Net: NetName=NetD1_1 Pin=K1-1
Added Pin To Net: NetName=NetD1_1 Pin=Q2-3
Added Net: Name=NetD1_1
Added Pin To Net: NetName=NetD2_1 Pin=D2-1
Added Pin To Net: NetName=NetD2_1 Pin=K2-1
Added Pin To Net: NetName=NetD2_1 Pin=Q3-3
Added Net: Name=NetD2_1
Added Pin To Net: NetName=NetD3_1 Pin=D3-1
Added Pin To Net: NetName=NetD3_1 Pin=K3-1
Added Pin To Net: NetName=NetD3_1 Pin=Q4-3
Added Net: Name=NetD3_1
Added Pin To Net: NetName=NetD4_1 Pin=D4-1
Added Pin To Net: NetName=NetD4_1 Pin=K4-1
Added Pin To Net: NetName=NetD4_1 Pin=Q5-3
Added Net: Name=NetD4_1
Added Pin To Net: NetName=NetD5_1 Pin=D5-1
Added Pin To Net: NetName=NetD5_1 Pin=D7-1
Added Net: Name=NetD5_1
Added Pin To Net: NetName=NetD5_2 Pin=D5-2
Added Pin To Net: NetName=NetD5_2 Pin=J3-1
Added Net: Name=NetD5_2
Added Pin To Net: NetName=NetD5_4 Pin=D5-4
Added Pin To Net: NetName=NetD5_4 Pin=F1-2
Added Net: Name=NetD5_4
Added Pin To Net: NetName=NetD6_1 Pin=D6-1
Added Pin To Net: NetName=NetD6_1 Pin=R36-2
Added Net: Name=NetD6_1
Added Pin To Net: NetName=NetD7_2 Pin=D7-2
Added Pin To Net: NetName=NetD7_2 Pin=D8-2
Added Pin To Net: NetName=NetD7_2 Pin=W2-1
Added Net: Name=NetD7_2
Added Pin To Net: NetName=NetF1_1 Pin=F1-1
Added Pin To Net: NetName=NetF1_1 Pin=J3-2
Added Pin To Net: NetName=NetF1_1 Pin=J3-3
Added Net: Name=NetF1_1
Added Pin To Net: NetName=NetH1_1 Pin=H1-1
Added Pin To Net: NetName=NetH1_1 Pin=R22-2
Added Net: Name=NetH1_1
Added Pin To Net: NetName=NetH1_2 Pin=H1-2
Added Pin To Net: NetName=NetH1_2 Pin=R23-2
Added Net: Name=NetH1_2
Added Pin To Net: NetName=NetH1_3 Pin=H1-3
Added Pin To Net: NetName=NetH1_3 Pin=R28-2
Added Net: Name=NetH1_3
Added Pin To Net: NetName=NetH1_4 Pin=H1-4
Added Pin To Net: NetName=NetH1_4 Pin=R29-2
Added Net: Name=NetH1_4
Added Pin To Net: NetName=NetH2_1 Pin=H2-1
Added Pin To Net: NetName=NetH2_1 Pin=U7-2
Added Net: Name=NetH2_1
Added Pin To Net: NetName=NetH2_2 Pin=H2-2
Added Pin To Net: NetName=NetH2_2 Pin=R37-2
Added Net: Name=NetH2_2
Added Pin To Net: NetName=NetH2_3 Pin=H2-3
Added Pin To Net: NetName=NetH2_3 Pin=U6-3
Added Net: Name=NetH2_3
Added Pin To Net: NetName=NetH2_4 Pin=H2-4
Added Pin To Net: NetName=NetH2_4 Pin=R33-1
Added Net: Name=NetH2_4
Added Pin To Net: NetName=NetH3_1 Pin=H3-1
Added Pin To Net: NetName=NetH3_1 Pin=K3-4
Added Net: Name=NetH3_1
Added Pin To Net: NetName=NetH3_3 Pin=H3-3
Added Pin To Net: NetName=NetH3_3 Pin=K4-4
Added Net: Name=NetH3_3
Added Pin To Net: NetName=NetH4_2 Pin=H4-2
Added Pin To Net: NetName=NetH4_2 Pin=K1-3
Added Net: Name=NetH4_2
Added Pin To Net: NetName=NetH4_4 Pin=H4-4
Added Pin To Net: NetName=NetH4_4 Pin=K2-3
Added Net: Name=NetH4_4
Added Pin To Net: NetName=NetJ2_2 Pin=J2-2
Added Pin To Net: NetName=NetJ2_2 Pin=R20-2
Added Pin To Net: NetName=NetJ2_2 Pin=R21-2
Added Pin To Net: NetName=NetJ2_2 Pin=U5-12
Added Net: Name=NetJ2_2
Added Pin To Net: NetName=NetJ2_3 Pin=J2-3
Added Pin To Net: NetName=NetJ2_3 Pin=R16-1
Added Pin To Net: NetName=NetJ2_3 Pin=R21-1
Added Pin To Net: NetName=NetJ2_3 Pin=U5-13
Added Net: Name=NetJ2_3
Added Pin To Net: NetName=NetLED1_1 Pin=LED1-1
Added Pin To Net: NetName=NetLED1_1 Pin=R9-2
Added Net: Name=NetLED1_1
Added Pin To Net: NetName=NetLED2_1 Pin=LED2-1
Added Pin To Net: NetName=NetLED2_1 Pin=R10-2
Added Net: Name=NetLED2_1
Added Pin To Net: NetName=NetLED3_1 Pin=LED3-1
Added Pin To Net: NetName=NetLED3_1 Pin=R11-1
Added Net: Name=NetLED3_1
Added Pin To Net: NetName=NetLED4_1 Pin=LED4-1
Added Pin To Net: NetName=NetLED4_1 Pin=R12-2
Added Net: Name=NetLED4_1
Added Pin To Net: NetName=NetQ1_1 Pin=Q1-1
Added Pin To Net: NetName=NetQ1_1 Pin=R1-1
Added Pin To Net: NetName=NetQ1_1 Pin=R3-1
Added Net: Name=NetQ1_1
Added Pin To Net: NetName=NetQ1_3 Pin=Q1-3
Added Pin To Net: NetName=NetQ1_3 Pin=R7-2
Added Pin To Net: NetName=NetQ1_3 Pin=USBC-1
Added Net: Name=NetQ1_3
Added Pin To Net: NetName=NetQ2_1 Pin=Q2-1
Added Pin To Net: NetName=NetQ2_1 Pin=R26-1
Added Net: Name=NetQ2_1
Added Pin To Net: NetName=NetQ3_1 Pin=Q3-1
Added Pin To Net: NetName=NetQ3_1 Pin=R27-1
Added Net: Name=NetQ3_1
Added Pin To Net: NetName=NetQ4_1 Pin=Q4-1
Added Pin To Net: NetName=NetQ4_1 Pin=R34-1
Added Net: Name=NetQ4_1
Added Pin To Net: NetName=NetQ5_1 Pin=Q5-1
Added Pin To Net: NetName=NetQ5_1 Pin=R35-1
Added Net: Name=NetQ5_1
Added Pin To Net: NetName=NetR4_2 Pin=R4-2
Added Pin To Net: NetName=NetR4_2 Pin=USBC-2
Added Net: Name=NetR4_2
Added Pin To Net: NetName=NetR15_2 Pin=R15-2
Added Pin To Net: NetName=NetR15_2 Pin=U3-2
Added Net: Name=NetR15_2
Added Pin To Net: NetName=NetR18_2 Pin=R18-2
Added Pin To Net: NetName=NetR18_2 Pin=W1-2
Added Net: Name=NetR18_2
Added Pin To Net: NetName=NetR32_1 Pin=R32-1
Added Pin To Net: NetName=NetR32_1 Pin=U6-1
Added Net: Name=NetR32_1
Added Pin To Net: NetName=NetR33_2 Pin=R33-2
Added Pin To Net: NetName=NetR33_2 Pin=U6-4
Added Net: Name=NetR33_2
Added Pin To Net: NetName=NetR37_1 Pin=R37-1
Added Pin To Net: NetName=NetR37_1 Pin=U7-1
Added Net: Name=NetR37_1
Added Pin To Net: NetName=PIO0_0 Pin=P1-15
Added Pin To Net: NetName=PIO0_0 Pin=Reset-3
Added Pin To Net: NetName=PIO0_0 Pin=Reset-4
Added Pin To Net: NetName=PIO0_0 Pin=U1-1
Added Pin To Net: NetName=PIO0_0 Pin=U2-3
Added Pin To Net: NetName=PIO0_0 Pin=U5-7
Added Net: Name=PIO0_0
Added Pin To Net: NetName=PIO0_1 Pin=R17-1
Added Pin To Net: NetName=PIO0_1 Pin=U2-4
Added Pin To Net: NetName=PIO0_1 Pin=W1-1
Added Net: Name=PIO0_1
Added Pin To Net: NetName=PIO0_2 Pin=U2-10
Added Net: Name=PIO0_2
Added Pin To Net: NetName=PIO0_3 Pin=R13-1
Added Pin To Net: NetName=PIO0_3 Pin=R14-2
Added Pin To Net: NetName=PIO0_3 Pin=U2-14
Added Net: Name=PIO0_3
Added Pin To Net: NetName=PIO0_4 Pin=U2-15
Added Net: Name=PIO0_4
Added Pin To Net: NetName=PIO0_5 Pin=U2-16
Added Net: Name=PIO0_5
Added Pin To Net: NetName=PIO0_6 Pin=R3-2
Added Pin To Net: NetName=PIO0_6 Pin=U2-22
Added Net: Name=PIO0_6
Added Pin To Net: NetName=PIO0_7 Pin=U2-23
Added Net: Name=PIO0_7
Added Pin To Net: NetName=PIO0_8 Pin=U2-27
Added Net: Name=PIO0_8
Added Pin To Net: NetName=PIO0_9 Pin=P1-13
Added Pin To Net: NetName=PIO0_9 Pin=U2-28
Added Net: Name=PIO0_9
Added Pin To Net: NetName=PIO0_10 Pin=P1-9
Added Pin To Net: NetName=PIO0_10 Pin=R6-1
Added Pin To Net: NetName=PIO0_10 Pin=U2-29
Added Net: Name=PIO0_10
Added Pin To Net: NetName=PIO0_11 Pin=C10-2
Added Pin To Net: NetName=PIO0_11 Pin=R22-1
Added Pin To Net: NetName=PIO0_11 Pin=R24-2
Added Pin To Net: NetName=PIO0_11 Pin=U2-32
Added Net: Name=PIO0_11
Added Pin To Net: NetName=PIO1_0 Pin=C11-2
Added Pin To Net: NetName=PIO1_0 Pin=R23-1
Added Pin To Net: NetName=PIO1_0 Pin=R25-2
Added Pin To Net: NetName=PIO1_0 Pin=U2-33
Added Net: Name=PIO1_0
Added Pin To Net: NetName=PIO1_1 Pin=C12-2
Added Pin To Net: NetName=PIO1_1 Pin=R28-1
Added Pin To Net: NetName=PIO1_1 Pin=R30-2
Added Pin To Net: NetName=PIO1_1 Pin=U2-34
Added Net: Name=PIO1_1
Added Pin To Net: NetName=PIO1_2 Pin=C13-2
Added Pin To Net: NetName=PIO1_2 Pin=R29-1
Added Pin To Net: NetName=PIO1_2 Pin=R31-2
Added Pin To Net: NetName=PIO1_2 Pin=U2-35
Added Net: Name=PIO1_2
Added Pin To Net: NetName=PIO1_3 Pin=C7-2
Added Pin To Net: NetName=PIO1_3 Pin=P1-7
Added Pin To Net: NetName=PIO1_3 Pin=R2-2
Added Pin To Net: NetName=PIO1_3 Pin=R15-1
Added Pin To Net: NetName=PIO1_3 Pin=U2-39
Added Net: Name=PIO1_3
Added Pin To Net: NetName=PIO1_4 Pin=U2-40
Added Net: Name=PIO1_4
Added Pin To Net: NetName=PIO1_5 Pin=U2-45
Added Pin To Net: NetName=PIO1_5 Pin=U5-4
Added Pin To Net: NetName=PIO1_5 Pin=U5-5
Added Net: Name=PIO1_5
Added Pin To Net: NetName=PIO1_6 Pin=U2-46
Added Pin To Net: NetName=PIO1_6 Pin=U5-3
Added Net: Name=PIO1_6
Added Pin To Net: NetName=PIO1_7 Pin=U2-47
Added Pin To Net: NetName=PIO1_7 Pin=U5-6
Added Net: Name=PIO1_7
Added Pin To Net: NetName=PIO1_8 Pin=U2-9
Added Net: Name=PIO1_8
Added Pin To Net: NetName=PIO1_9 Pin=U2-17
Added Net: Name=PIO1_9
Added Pin To Net: NetName=PIO1_10 Pin=U2-30
Added Net: Name=PIO1_10
Added Pin To Net: NetName=PIO1_11 Pin=U2-42
Added Net: Name=PIO1_11
Added Pin To Net: NetName=PIO2_0 Pin=LED1-2
Added Pin To Net: NetName=PIO2_0 Pin=U2-2
Added Net: Name=PIO2_0
Added Pin To Net: NetName=PIO2_1 Pin=LED2-2
Added Pin To Net: NetName=PIO2_1 Pin=U2-13
Added Net: Name=PIO2_1
Added Pin To Net: NetName=PIO2_2 Pin=LED3-2
Added Pin To Net: NetName=PIO2_2 Pin=U2-26
Added Net: Name=PIO2_2
Added Pin To Net: NetName=PIO2_3 Pin=LED4-2
Added Pin To Net: NetName=PIO2_3 Pin=U2-38
Added Net: Name=PIO2_3
Added Pin To Net: NetName=PIO2_4 Pin=R26-2
Added Pin To Net: NetName=PIO2_4 Pin=U2-18
Added Net: Name=PIO2_4
Added Pin To Net: NetName=PIO2_5 Pin=R27-2
Added Pin To Net: NetName=PIO2_5 Pin=U2-21
Added Net: Name=PIO2_5
Added Pin To Net: NetName=PIO2_6 Pin=R34-2
Added Pin To Net: NetName=PIO2_6 Pin=U2-1
Added Net: Name=PIO2_6
Added Pin To Net: NetName=PIO2_7 Pin=R35-2
Added Pin To Net: NetName=PIO2_7 Pin=U2-11
Added Net: Name=PIO2_7
Added Pin To Net: NetName=PIO2_8 Pin=R32-2
Added Pin To Net: NetName=PIO2_8 Pin=U2-12
Added Net: Name=PIO2_8
Added Pin To Net: NetName=PIO2_9 Pin=U2-24
Added Net: Name=PIO2_9
Added Pin To Net: NetName=PIO2_10 Pin=U2-25
Added Net: Name=PIO2_10
Added Pin To Net: NetName=PIO2_11 Pin=D6-2
Added Pin To Net: NetName=PIO2_11 Pin=U2-31
Added Pin To Net: NetName=PIO2_11 Pin=U7-4
Added Net: Name=PIO2_11
Added Pin To Net: NetName=PIO3_0 Pin=R19-1
Added Pin To Net: NetName=PIO3_0 Pin=U2-36
Added Pin To Net: NetName=PIO3_0 Pin=U4-2
Added Net: Name=PIO3_0
Added Pin To Net: NetName=PIO3_1 Pin=U2-37
Added Net: Name=PIO3_1
Added Pin To Net: NetName=PIO3_2 Pin=U2-43
Added Net: Name=PIO3_2
Added Pin To Net: NetName=PIO3_3 Pin=U2-48
Added Net: Name=PIO3_3
Added Pin To Net: NetName=VBUS Pin=D8-1
Added Pin To Net: NetName=VBUS Pin=J1-1
Added Pin To Net: NetName=VBUS Pin=R13-2
Added Net: Name=VBUS
Added Pin To Net: NetName=VCC5 Pin=C9-2
Added Pin To Net: NetName=VCC5 Pin=C17-2
Added Pin To Net: NetName=VCC5 Pin=D1-2
Added Pin To Net: NetName=VCC5 Pin=D2-2
Added Pin To Net: NetName=VCC5 Pin=D3-2
Added Pin To Net: NetName=VCC5 Pin=D4-2
Added Pin To Net: NetName=VCC5 Pin=K1-2
Added Pin To Net: NetName=VCC5 Pin=K2-2
Added Pin To Net: NetName=VCC5 Pin=K3-8
Added Pin To Net: NetName=VCC5 Pin=K4-8
Added Pin To Net: NetName=VCC5 Pin=R19-2
Added Pin To Net: NetName=VCC5 Pin=R20-1
Added Pin To Net: NetName=VCC5 Pin=R36-1
Added Pin To Net: NetName=VCC5 Pin=U4-3
Added Pin To Net: NetName=VCC5 Pin=U5-16
Added Pin To Net: NetName=VCC5 Pin=VR2-2
Added Pin To Net: NetName=VCC5 Pin=VR2-4
Added Net: Name=VCC5
Added Pin To Net: NetName=VCC33 Pin=C1-2
Added Pin To Net: NetName=VCC33 Pin=C2-2
Added Pin To Net: NetName=VCC33 Pin=C3-2
Added Pin To Net: NetName=VCC33 Pin=C4-2
Added Pin To Net: NetName=VCC33 Pin=C8-1
Added Pin To Net: NetName=VCC33 Pin=C15-2
Added Pin To Net: NetName=VCC33 Pin=P1-1
Added Pin To Net: NetName=VCC33 Pin=P1-2
Added Pin To Net: NetName=VCC33 Pin=Q1-2
Added Pin To Net: NetName=VCC33 Pin=R1-2
Added Pin To Net: NetName=VCC33 Pin=R2-1
Added Pin To Net: NetName=VCC33 Pin=R9-1
Added Pin To Net: NetName=VCC33 Pin=R10-1
Added Pin To Net: NetName=VCC33 Pin=R11-2
Added Pin To Net: NetName=VCC33 Pin=R12-1
Added Pin To Net: NetName=VCC33 Pin=R14-1
Added Pin To Net: NetName=VCC33 Pin=R17-2
Added Pin To Net: NetName=VCC33 Pin=U1-2
Added Pin To Net: NetName=VCC33 Pin=U2-8
Added Pin To Net: NetName=VCC33 Pin=U2-44
Added Pin To Net: NetName=VCC33 Pin=U3-1
Added Pin To Net: NetName=VCC33 Pin=U5-1
Added Pin To Net: NetName=VCC33 Pin=VR1-2
Added Pin To Net: NetName=VCC33 Pin=VR1-4
Added Net: Name=VCC33
Added Class: Name=Sheet1
Added Class: Name=Slave_Sheet2
Added Class: Name=220V_r
Added Differential Pair: Name=D1
Added Differential Pair: Name=D2
